#
# A fatal error has been detected by the Java Runtime Environment:
#
#  SIGBUS (0xa) at pc=0x000000010e3f14f0, pid=1121, tid=34315
#
# JRE version: Java(TM) SE Runtime Environment (17.0.1+12) (build 17.0.1+12-LTS-39)
# Java VM: Java HotSpot(TM) 64-Bit Server VM (17.0.1+12-LTS-39, mixed mode, sharing, tiered, compressed oops, compressed class ptrs, g1 gc, bsd-aarch64)
# Problematic frame:
# v  ~StubRoutines::SafeFetchN
#
# No core dump will be written. Core dumps have been disabled. To enable core dumping, try "ulimit -c unlimited" before starting Java again
#
# If you would like to submit a bug report, please visit:
#   https://bugreport.java.com/bugreport/crash.jsp
# The crash happened outside the Java Virtual Machine in native code.
# See problematic frame for where to report the bug.
#

---------------  S U M M A R Y ------------

Command Line: -javaagent:/Applications/IntelliJ IDEA CE.app/Contents/lib/idea_rt.jar=49237:/Applications/IntelliJ IDEA CE.app/Contents/bin -Dfile.encoding=UTF-8 --module-path=/Users/richh/Documents/GitHub/The-Challenge/target/classes:/Users/richh/.m2/repository/org/openjfx/javafx-fxml/17.0.0.1/javafx-fxml-17.0.0.1-mac-aarch64.jar:/Users/richh/.m2/repository/org/openjfx/javafx-graphics/17.0.0.1/javafx-graphics-17.0.0.1-mac-aarch64.jar:/Users/richh/.m2/repository/org/openjfx/javafx-controls/17.0.0.1/javafx-controls-17.0.0.1-mac-aarch64.jar:/Users/richh/.m2/repository/org/openjfx/javafx-base/17.0.0.1/javafx-base-17.0.0.1-mac-aarch64.jar -Djdk.module.main=sample.challengeapp sample.challengeapp/challengeapp.Main

Host: "MacBookPro17,1" arm64 1 MHz, 8 cores, 16G, Darwin 21.2.0, macOS 12.1 (21C52)
Time: Fri Dec 24 13:57:58 2021 CET elapsed time: 9.902054 seconds (0d 0h 0m 9s)

---------------  T H R E A D  ---------------

Current thread (0x000000013b00f400):  JavaThread "InvokeLaterDispatcher" daemon [_thread_in_native, id=34315, stack(0x000000016e040000,0x000000016e243000)]

Stack: [0x000000016e040000,0x000000016e243000],  sp=0x000000016e2427d0,  free space=2057k
Native frames: (J=compiled Java code, j=interpreted, Vv=VM code, C=native code)
v  ~StubRoutines::SafeFetchN
V  [libjvm.dylib+0x79e208]  _ZN10OopStorage7releaseEPKP7oopDesc+0x20
V  [libjvm.dylib+0x4b8f30]  jni_DeleteGlobalRef+0xc4
C  [libglass.dylib+0xab08]  -[GlassRunnable dealloc]+0x34
C  [Foundation+0x84c7c]  -[_NSThreadPerformInfo dealloc]+0x30
C  [Foundation+0x51578]  -[NSObject(NSThreadPerformAdditions) performSelectorOnMainThread:withObject:waitUntilDone:]+0x88
C  0x4738800115f7f14c
J 2092 c1 com.sun.glass.ui.mac.MacApplication.submitForLaterInvocation(Ljava/lang/Runnable;)V javafx.graphics (6 bytes) @ 0x000000010ed59a58 [0x000000010ed599c0+0x0000000000000098]
C  0x000000070e800170

Java frames: (J=compiled Java code, j=interpreted, Vv=VM code)
J 2093  com.sun.glass.ui.mac.MacApplication._submitForLaterInvocation(Ljava/lang/Runnable;)V javafx.graphics (0 bytes) @ 0x0000000115f7f14c [0x0000000115f7f0c0+0x000000000000008c]
J 2092 c1 com.sun.glass.ui.mac.MacApplication.submitForLaterInvocation(Ljava/lang/Runnable;)V javafx.graphics (6 bytes) @ 0x000000010ed59a58 [0x000000010ed599c0+0x0000000000000098]
j  com.sun.glass.ui.InvokeLaterDispatcher.run()V+82 javafx.graphics
v  ~StubRoutines::call_stub

siginfo: si_signo: 10 (SIGBUS), si_code: 1 (BUS_ADRALN), si_addr: 0x000000010e3f14f0

Register to memory mapping:

 x0=0x000000013b9086c8 is a global jni handle
 x1=0x0 is NULL
 x2=0x000000070e3fc818 is an oop: com.sun.glass.ui.InvokeLaterDispatcher$Future 
{0x000000070e3fc818} - klass: 'com/sun/glass/ui/InvokeLaterDispatcher$Future'
 - ---- fields (total size 3 words):
 - private 'done' 'Z' @12  true
 - private final 'runnable' 'Ljava/lang/Runnable;' @16  a 'com/sun/javafx/application/PlatformImpl$$Lambda$92+0x0000000800c821c8'{0x000000070da70160} (e1b4e02c)
 - final synthetic 'this$0' 'Lcom/sun/glass/ui/InvokeLaterDispatcher;' @20  a 'com/sun/glass/ui/InvokeLaterDispatcher'{0x000000070e800170} (e1d0002e)
 x3=0x0 is NULL
 x4=0x00000000000130a8 is an unknown value
 x5=0x0 is NULL
 x6=0x0 is NULL
 x7=0x0 is NULL
 x8=0x000000010e3f14ec is at begin+0 in a stub
StubRoutines::SafeFetchN [0x000000010e3f14ec, 0x000000010e3f14f8] (12 bytes)
 x9=0x0 is NULL
x10=0x2010000030300000 is an unknown value
x11=0x0000000000000007 is an unknown value
x12=0x0 is NULL
x13=0x0000600000b2d7f0 points into unknown readable memory: 0x0000000000000000 | 00 00 00 00 00 00 00 00
x14=0x0000000000000001 is an unknown value
x15=0x0000000128551f98: OBJC_CLASS_$_GlassRunnable+0 in /Users/richh/.openjfx/cache/17.0.0.1/libglass.dylib at 0x000000012850c000
x16=0x0000000198938094: pthread_getspecific+0 in /usr/lib/system/libsystem_pthread.dylib at 0x0000000198936000
x17=0x00006000001029a0 points into unknown readable memory: 0xfffffffffffffffe | fe ff ff ff ff ff ff ff
x18=0x0 is NULL
x19=0x0000600000e141c0 points into unknown readable memory: 0x0000600002718060 | 60 80 71 02 00 60 00 00
x20=0x000000013b9084c0 points into unknown readable memory: 0x0000000000000000 | 00 00 00 00 00 00 00 00
x21=0x000000013b9086c8 is a global jni handle
x22=0x000000013b00f400 is a thread
x23=0x0000000000000001 is an unknown value
x24=0x000000013b908680 is a global jni handle
x25=0x000000010691d5d8: _ZN12StubRoutines17_safefetchN_entryE+0 in /Library/Java/JavaVirtualMachines/jdk-17.0.1.jdk/Contents/Home/lib/server/libjvm.dylib at 0x0000000105d8c000
x26=0x000000012b51a970 is pointing into metadata
x27=0x0 is NULL
x28=0x000000013b00f400 is a thread


Registers:
 x0=0x000000013b9086c8  x1=0x0000000000000000  x2=0x000000070e3fc818  x3=0x0000000000000000
 x4=0x00000000000130a8  x5=0x0000000000000000  x6=0x0000000000000000  x7=0x0000000000000000
 x8=0x000000010e3f14ec  x9=0x0000000000000000 x10=0x2010000030300000 x11=0x0000000000000007
x12=0x0000000000000000 x13=0x0000600000b2d7f0 x14=0x0000000000000001 x15=0x0000000128551f98
x16=0x0000000198938094 x17=0x00006000001029a0 x18=0x0000000000000000 x19=0x0000600000e141c0
x20=0x000000013b9084c0 x21=0x000000013b9086c8 x22=0x000000013b00f400 x23=0x0000000000000001
x24=0x000000013b908680 x25=0x000000010691d5d8 x26=0x000000012b51a970 x27=0x0000000000000000
x28=0x000000013b00f400  fp=0x000000016e242810  lr=0x0000000106528fd8  sp=0x000000016e2427d0
pc=0x000000010e3f14f0 cpsr=0x0000000060001000
Top of Stack: (sp=0x000000016e2427d0)
0x000000016e2427d0:   000000012b51a970 0000000000000001
0x000000016e2427e0:   0000000800c2b298 000060000271d770
0x000000016e2427f0:   0000000000000000 000000013b9086b8
0x000000016e242800:   000000013b9086b8 0000600000e141c0
0x000000016e242810:   000000016e242850 000000010652a208
0x000000016e242820:   0000000000000001 000000013b9086b8
0x000000016e242830:   0000000000000000 000000013b9086b8
0x000000016e242840:   0000000000000001 000000013b193000
0x000000016e242850:   000000016e242880 0000000106244f30
0x000000016e242860:   000060000271d7d0 00000001e2e68474
0x000000016e242870:   0000000000000000 000060000271d7d0
0x000000016e242880:   000000016e2428b0 0000000128516b08
0x000000016e242890:   45c6e2794f930076 0000000000000000
0x000000016e2428a0:   0000000000000000 00006000030c05c0
0x000000016e2428b0:   000000016e2428f0 00000001998fcc7c
0x000000016e2428c0:   0000000800c2b298 000060000271d770
0x000000016e2428d0:   000060000271d7d0 45c6e2794f930076
0x000000016e2428e0:   0000000000000000 0000000000000000
0x000000016e2428f0:   000000016e242930 60428001998c9578
0x000000016e242900:   0000000800c2b298 000000010e3f87c0
0x000000016e242910:   000000012b51a3aa 0000000106924f90
0x000000016e242920:   000000016e242a10 00000000000000b9
0x000000016e242930:   000000016e242990 4738800115f7f14c
0x000000016e242940:   000000070e850a58 000000070e3fc818
0x000000016e242950:   000000016e242ab8 0000000198944530
0x000000016e242960:   000000013b00f400 0000000106901db0
0x000000016e242970:   000000016e242a20 0000000000000001
0x000000016e242980:   000000016e2429c0 000000070e9b3ea0
0x000000016e242990:   000000016e242a80 000000010ed59a58
0x000000016e2429a0:   000000070e3fc818 000000070da70160
0x000000016e2429b0:   000000016e242a18 00000000000000b6
0x000000016e2429c0:   000000016e242a80 3e3d80010e4072a0 

Instructions: (pc=0x000000010e3f14f0)
0x000000010e3f13f0:   f2a0d1c9 f2c00029 6d425935 1e640886
0x000000010e3f1400:   0c402d31 1e6408c7 1f5654d0 1e6c1017
0x000000010e3f1410:   1f5050d0 1f504cd0 1f5048d0 1e650af6
0x000000010e3f1420:   1f50d8f6 1f5694d6 1f5158f6 1e762880
0x000000010e3f1430:   36000501 1e614000 14000026 2e251ca5
0x000000010e3f1440:   d2943009 f2a0d1c9 f2c00029 6d425d36
0x000000010e3f1450:   1e600806 0c402d32 1f5758c7 1e6c101a
0x000000010e3f1460:   1f4754c7 1e650805 1f4750c7 d2866668
0x000000010e3f1470:   f2a7fa68 1f474cc7 1e6608c0 1f4748c7
0x000000010e3f1480:   1e6e1019 eb08007f 540000ac 1f479400
0x000000010e3f1490:   1f460340 1e603b20 1400000e d2a7fd29
0x000000010e3f14a0:   eb09007f 540000ac 51480069 d3607d29
0x000000010e3f14b0:   9e670121 14000002 1e6a5001 1f679417
0x000000010e3f14c0:   1f668742 1e613b23 1e773857 1e773860
0x000000010e3f14d0:   a8c17ff3 910003bf a8c17bfd d65f03c0
0x000000010e3f14e0:   b9400001 aa0103e0 d65f03c0 f9400001
0x000000010e3f14f0:   aa0103e0 d65f03c0 00000000 00000000
0x000000010e3f1500:   00000000 00000000 00000000 00000000
0x000000010e3f1510:   00000000 00000000 00000000 00000000
0x000000010e3f1520:   00000000 00000000 00000000 00000000
0x000000010e3f1530:   00000000 00000000 00000000 00000000
0x000000010e3f1540:   00000000 00000000 00000000 00000000
0x000000010e3f1550:   00000000 00000000 00000000 00000000
0x000000010e3f1560:   00000000 00000000 00000000 00000000
0x000000010e3f1570:   00000000 00000000 00000000 00000000
0x000000010e3f1580:   00000000 00000000 00000000 00000000
0x000000010e3f1590:   00000000 00000000 00000000 00000000
0x000000010e3f15a0:   00000000 00000000 00000000 00000000
0x000000010e3f15b0:   00000000 00000000 00000000 00000000
0x000000010e3f15c0:   00000000 00000000 00000000 00000000
0x000000010e3f15d0:   00000000 00000000 00000000 00000000
0x000000010e3f15e0:   00000000 00000000 00000000 00000000 


Stack slot to memory mapping:
stack at sp + 0 slots: 0x000000012b51a970 is pointing into metadata
stack at sp + 1 slots: 0x0000000000000001 is an unknown value
stack at sp + 2 slots: 0x0000000800c2b298 is a pointer to class: 
com.sun.glass.ui.mac.MacApplication {0x0000000800c2b298}
 - instance size:     5
 - klass size:        136
 - access:            final synchronized 
 - state:             fully_initialized
 - name:              'com/sun/glass/ui/mac/MacApplication'
 - super:             'com/sun/glass/ui/Application'
 - sub:               
 - arrays:            NULL
 - methods:           Array<T>(0x000000012b4ef5c0)
 - method ordering:   Array<T>(0x0000000800918908)
 - default_methods:   Array<T>(0x0000000000000000)
 - local interfaces:  Array<T>(0x000000012b4f5168)
 - trans. interfaces: Array<T>(0x000000012b4f5168)
 - constants:         constant pool [548]/operands[69] {0x000000012b4f4000} for 'com/sun/glass/ui/mac/MacApplication' cache=0x000000012b518318
 - class loader data:  loader data: 0x0000600001408140 for instance a 'jdk/internal/loader/ClassLoaders$AppClassLoader'{0x000000070e80ac78}
 - source file:       'MacApplication.java'
 - class annotations:       Array<T>(0x0000000000000000)
 - class type annotations:  Array<T>(0x0000000000000000)
 - field annotations:       Array<T>(0x0000000000000000)
 - field type annotations:  Array<T>(0x0000000000000000)
 - inner classes:     Array<T>(0x000000012b4f7fa0)
 - nest members:     Array<T>(0x000000012b4f2090)
 - permitted subclasses:     Array<T>(0x00000008005c37e0)
 - java mirror:       a 'java/lang/Class'{0x000000070e8509e0} = 'com/sun/glass/ui/mac/MacApplication'
 - vtable length      72  (start addr: 0x0000000800c2b468)
 - itable length      5 (start addr: 0x0000000800c2b6a8)
 - ---- static fields (1 words):
 - static final 'BROWSER_PARENT_ID' 'J' @112 
 - ---- non-static fields (7 words):
 - private 'initialActiveEventReceived' 'Z' @12 
 - private 'terminateWhenLastWindowClosed' 'Z' @13 
 - protected 'name' 'Ljava/lang/String;' @16 
 - private 'eventHandler' 'Lcom/sun/glass/ui/Application$EventHandler;' @20 
 - private 'initialOpenedFiles' '[Ljava/lang/String;' @24 
 - private 'isTaskbarApplication' 'Z' @14 
 - private 'firstDidResignActive' 'Z' @15 
 - private final 'invokeLaterDispatcher' 'Lcom/sun/glass/ui/InvokeLaterDispatcher;' @28 
 - private 'appleMenu' 'Lcom/sun/glass/ui/Menu;' @32 
 - private final 'reactivationLatch' 'Ljava/util/concurrent/CountDownLatch;' @36 
 - non-static oop maps: 16-36 
stack at sp + 3 slots: 0x000060000271d770 points into unknown readable memory: 0x01000001f19ee081 | 81 e0 9e f1 01 00 00 01
stack at sp + 4 slots: 0x0 is NULL
stack at sp + 5 slots: 0x000000013b9086b8 is a global jni handle
stack at sp + 6 slots: 0x000000013b9086b8 is a global jni handle
stack at sp + 7 slots: 0x0000600000e141c0 points into unknown readable memory: 0x0000600002718060 | 60 80 71 02 00 60 00 00

StubRoutines::SafeFetchN [0x000000010e3f14ec, 0x000000010e3f14f8] (12 bytes)
[MachCode]
  0x000000010e3f14ec: 0100 40f9 | e003 01aa | c003 5fd6 
[/MachCode]

---------------  P R O C E S S  ---------------

Threads class SMR info:
_java_thread_list=0x00006000025d3aa0, length=20, elements={
0x000000013c012000, 0x000000013b008800, 0x000000013c03d200, 0x000000013c046c00,
0x000000012881e400, 0x000000012881ea00, 0x000000012881f000, 0x000000013a809800,
0x000000012a008600, 0x000000013a00f200, 0x000000012905be00, 0x000000012a04b600,
0x000000013a106400, 0x000000013b00f400, 0x000000013b193000, 0x000000013b1b1000,
0x000000013b1d7e00, 0x000000013c4b6000, 0x00000001294ad600, 0x00000001294aba00
}

Java Threads: ( => current thread )
  0x000000013c012000 JavaThread "main" [_thread_blocked, id=10243, stack(0x000000016b220000,0x000000016b423000)]
  0x000000013b008800 JavaThread "Reference Handler" daemon [_thread_blocked, id=17411, stack(0x000000016c074000,0x000000016c277000)]
  0x000000013c03d200 JavaThread "Finalizer" daemon [_thread_blocked, id=16899, stack(0x000000016c280000,0x000000016c483000)]
  0x000000013c046c00 JavaThread "Signal Dispatcher" daemon [_thread_blocked, id=22531, stack(0x000000016c5a4000,0x000000016c7a7000)]
  0x000000012881e400 JavaThread "Service Thread" daemon [_thread_blocked, id=22787, stack(0x000000016c7b0000,0x000000016c9b3000)]
  0x000000012881ea00 JavaThread "Monitor Deflation Thread" daemon [_thread_blocked, id=23299, stack(0x000000016c9bc000,0x000000016cbbf000)]
  0x000000012881f000 JavaThread "C2 CompilerThread0" daemon [_thread_blocked, id=41475, stack(0x000000016cbc8000,0x000000016cdcb000)]
  0x000000013a809800 JavaThread "C1 CompilerThread0" daemon [_thread_blocked, id=23555, stack(0x000000016cdd4000,0x000000016cfd7000)]
  0x000000012a008600 JavaThread "Sweeper thread" daemon [_thread_blocked, id=40707, stack(0x000000016cfe0000,0x000000016d1e3000)]
  0x000000013a00f200 JavaThread "Common-Cleaner" daemon [_thread_blocked, id=23811, stack(0x000000016d1ec000,0x000000016d3ef000)]
  0x000000012905be00 JavaThread "Monitor Ctrl-Break" daemon [_thread_in_native, id=24579, stack(0x000000016d810000,0x000000016da13000)]
  0x000000012a04b600 JavaThread "Notification Thread" daemon [_thread_blocked, id=24835, stack(0x000000016da1c000,0x000000016dc1f000)]
  0x000000013a106400 JavaThread "QuantumRenderer-0" daemon [_thread_blocked, id=38659, stack(0x000000016de34000,0x000000016e037000)]
=>0x000000013b00f400 JavaThread "InvokeLaterDispatcher" daemon [_thread_in_native, id=34315, stack(0x000000016e040000,0x000000016e243000)]
  0x000000013b193000 JavaThread "JavaFX Application Thread" [_thread_in_native, id=259, stack(0x000000016a998000,0x000000016b194000)]
  0x000000013b1b1000 JavaThread "PulseTimer-CVDisplayLink thread" daemon [_thread_in_native, id=78343, stack(0x000000016e24c000,0x000000016e2cf000)]
  0x000000013b1d7e00 JavaThread "JavaFX-Launcher" [_thread_blocked, id=76311, stack(0x000000016e570000,0x000000016e773000)]
  0x000000013c4b6000 JavaThread "Prism Font Disposer" daemon [_thread_blocked, id=70663, stack(0x000000016f1b8000,0x000000016f3bb000)]
  0x00000001294ad600 JavaThread "Cleaner-0" daemon [_thread_blocked, id=63535, stack(0x000000016f3c4000,0x000000016f5c7000)]
  0x00000001294aba00 JavaThread "Attach Listener" daemon [_thread_blocked, id=39943, stack(0x000000016d604000,0x000000016d807000)]

Other Threads:
  0x0000000105b06410 VMThread "VM Thread" [stack: 0x000000016be68000,0x000000016c06b000] [id=15619]
  0x0000000139e08c40 WatcherThread [stack: 0x000000016dc28000,0x000000016de2b000] [id=25091]
  0x000000013b906db0 GCTaskThread "GC Thread#0" [stack: 0x000000016b42c000,0x000000016b62f000] [id=12035]
  0x0000000139e22d30 GCTaskThread "GC Thread#1" [stack: 0x000000016e77c000,0x000000016e97f000] [id=58883]
  0x0000000139e22fe0 GCTaskThread "GC Thread#2" [stack: 0x000000016e988000,0x000000016eb8b000] [id=72451]
  0x0000000105b2ee70 GCTaskThread "GC Thread#3" [stack: 0x000000016eb94000,0x000000016ed97000] [id=59139]
  0x000000013b82ecd0 GCTaskThread "GC Thread#4" [stack: 0x000000016eda0000,0x000000016efa3000] [id=71939]
  0x000000013b82f150 GCTaskThread "GC Thread#5" [stack: 0x000000016efac000,0x000000016f1af000] [id=71683]
  0x0000000129e04360 ConcurrentGCThread "G1 Main Marker" [stack: 0x000000016b638000,0x000000016b83b000] [id=12291]
  0x0000000129f041e0 ConcurrentGCThread "G1 Conc#0" [stack: 0x000000016b844000,0x000000016ba47000] [id=12803]
  0x000000013b806150 ConcurrentGCThread "G1 Refine#0" [stack: 0x000000016ba50000,0x000000016bc53000] [id=13315]
  0x0000000105a04080 ConcurrentGCThread "G1 Service" [stack: 0x000000016bc5c000,0x000000016be5f000] [id=13827]

Threads with active compile tasks:

VM state: not at safepoint (normal execution)

VM Mutex/Monitor currently owned by a thread: None

Heap address: 0x0000000700000000, size: 4096 MB, Compressed Oops mode: Zero based, Oop shift amount: 3

CDS archive(s) mapped at: [0x0000000800000000-0x0000000800bd4000-0x0000000800bd4000), size 12402688, SharedBaseAddress: 0x0000000800000000, ArchiveRelocationMode: 0.
Compressed class space mapped at: 0x0000000800c00000-0x0000000840c00000, reserved size: 1073741824
Narrow klass base: 0x0000000800000000, Narrow klass shift: 0, Narrow klass range: 0x100000000

GC Precious Log:
 CPUs: 8 total, 8 available
 Memory: 16384M
 Large Page Support: Disabled
 NUMA Support: Disabled
 Compressed Oops: Enabled (Zero based)
 Heap Region Size: 2M
 Heap Min Capacity: 8M
 Heap Initial Capacity: 256M
 Heap Max Capacity: 4G
 Pre-touch: Disabled
 Parallel Workers: 8
 Concurrent Workers: 2
 Concurrent Refinement Workers: 8
 Periodic GC: Disabled

Heap:
 garbage-first heap   total 266240K, used 40010K [0x0000000700000000, 0x0000000800000000)
  region size 2048K, 19 young (38912K), 2 survivors (4096K)
 Metaspace       used 15056K, committed 15296K, reserved 1064960K
  class space    used 2191K, committed 2304K, reserved 1048576K

Heap Regions: E=young(eden), S=young(survivor), O=old, HS=humongous(starts), HC=humongous(continues), CS=collection set, F=free, OA=open archive, CA=closed archive, TAMS=top-at-mark-start (previous, next)
|   0|0x0000000700000000, 0x0000000700200000, 0x0000000700200000|100%|HS|  |TAMS 0x0000000700000000, 0x0000000700000000| Complete 
|   1|0x0000000700200000, 0x0000000700200000, 0x0000000700400000|  0%| F|  |TAMS 0x0000000700200000, 0x0000000700200000| Untracked 
|   2|0x0000000700400000, 0x0000000700400000, 0x0000000700600000|  0%| F|  |TAMS 0x0000000700400000, 0x0000000700400000| Untracked 
|   3|0x0000000700600000, 0x0000000700600000, 0x0000000700800000|  0%| F|  |TAMS 0x0000000700600000, 0x0000000700600000| Untracked 
|   4|0x0000000700800000, 0x0000000700800000, 0x0000000700a00000|  0%| F|  |TAMS 0x0000000700800000, 0x0000000700800000| Untracked 
|   5|0x0000000700a00000, 0x0000000700a00000, 0x0000000700c00000|  0%| F|  |TAMS 0x0000000700a00000, 0x0000000700a00000| Untracked 
|   6|0x0000000700c00000, 0x0000000700c00000, 0x0000000700e00000|  0%| F|  |TAMS 0x0000000700c00000, 0x0000000700c00000| Untracked 
|   7|0x0000000700e00000, 0x0000000700e00000, 0x0000000701000000|  0%| F|  |TAMS 0x0000000700e00000, 0x0000000700e00000| Untracked 
|   8|0x0000000701000000, 0x0000000701000000, 0x0000000701200000|  0%| F|  |TAMS 0x0000000701000000, 0x0000000701000000| Untracked 
|   9|0x0000000701200000, 0x0000000701200000, 0x0000000701400000|  0%| F|  |TAMS 0x0000000701200000, 0x0000000701200000| Untracked 
|  10|0x0000000701400000, 0x0000000701400000, 0x0000000701600000|  0%| F|  |TAMS 0x0000000701400000, 0x0000000701400000| Untracked 
|  11|0x0000000701600000, 0x0000000701600000, 0x0000000701800000|  0%| F|  |TAMS 0x0000000701600000, 0x0000000701600000| Untracked 
|  12|0x0000000701800000, 0x0000000701800000, 0x0000000701a00000|  0%| F|  |TAMS 0x0000000701800000, 0x0000000701800000| Untracked 
|  13|0x0000000701a00000, 0x0000000701a00000, 0x0000000701c00000|  0%| F|  |TAMS 0x0000000701a00000, 0x0000000701a00000| Untracked 
|  14|0x0000000701c00000, 0x0000000701c00000, 0x0000000701e00000|  0%| F|  |TAMS 0x0000000701c00000, 0x0000000701c00000| Untracked 
|  15|0x0000000701e00000, 0x0000000701e00000, 0x0000000702000000|  0%| F|  |TAMS 0x0000000701e00000, 0x0000000701e00000| Untracked 
|  16|0x0000000702000000, 0x0000000702000000, 0x0000000702200000|  0%| F|  |TAMS 0x0000000702000000, 0x0000000702000000| Untracked 
|  17|0x0000000702200000, 0x0000000702200000, 0x0000000702400000|  0%| F|  |TAMS 0x0000000702200000, 0x0000000702200000| Untracked 
|  18|0x0000000702400000, 0x0000000702400000, 0x0000000702600000|  0%| F|  |TAMS 0x0000000702400000, 0x0000000702400000| Untracked 
|  19|0x0000000702600000, 0x0000000702600000, 0x0000000702800000|  0%| F|  |TAMS 0x0000000702600000, 0x0000000702600000| Untracked 
|  20|0x0000000702800000, 0x0000000702800000, 0x0000000702a00000|  0%| F|  |TAMS 0x0000000702800000, 0x0000000702800000| Untracked 
|  21|0x0000000702a00000, 0x0000000702a00000, 0x0000000702c00000|  0%| F|  |TAMS 0x0000000702a00000, 0x0000000702a00000| Untracked 
|  22|0x0000000702c00000, 0x0000000702c00000, 0x0000000702e00000|  0%| F|  |TAMS 0x0000000702c00000, 0x0000000702c00000| Untracked 
|  23|0x0000000702e00000, 0x0000000702e00000, 0x0000000703000000|  0%| F|  |TAMS 0x0000000702e00000, 0x0000000702e00000| Untracked 
|  24|0x0000000703000000, 0x0000000703000000, 0x0000000703200000|  0%| F|  |TAMS 0x0000000703000000, 0x0000000703000000| Untracked 
|  25|0x0000000703200000, 0x0000000703200000, 0x0000000703400000|  0%| F|  |TAMS 0x0000000703200000, 0x0000000703200000| Untracked 
|  26|0x0000000703400000, 0x0000000703400000, 0x0000000703600000|  0%| F|  |TAMS 0x0000000703400000, 0x0000000703400000| Untracked 
|  27|0x0000000703600000, 0x0000000703600000, 0x0000000703800000|  0%| F|  |TAMS 0x0000000703600000, 0x0000000703600000| Untracked 
|  28|0x0000000703800000, 0x0000000703800000, 0x0000000703a00000|  0%| F|  |TAMS 0x0000000703800000, 0x0000000703800000| Untracked 
|  29|0x0000000703a00000, 0x0000000703a00000, 0x0000000703c00000|  0%| F|  |TAMS 0x0000000703a00000, 0x0000000703a00000| Untracked 
|  30|0x0000000703c00000, 0x0000000703c00000, 0x0000000703e00000|  0%| F|  |TAMS 0x0000000703c00000, 0x0000000703c00000| Untracked 
|  31|0x0000000703e00000, 0x0000000703e00000, 0x0000000704000000|  0%| F|  |TAMS 0x0000000703e00000, 0x0000000703e00000| Untracked 
|  32|0x0000000704000000, 0x0000000704000000, 0x0000000704200000|  0%| F|  |TAMS 0x0000000704000000, 0x0000000704000000| Untracked 
|  33|0x0000000704200000, 0x0000000704200000, 0x0000000704400000|  0%| F|  |TAMS 0x0000000704200000, 0x0000000704200000| Untracked 
|  34|0x0000000704400000, 0x0000000704400000, 0x0000000704600000|  0%| F|  |TAMS 0x0000000704400000, 0x0000000704400000| Untracked 
|  35|0x0000000704600000, 0x0000000704600000, 0x0000000704800000|  0%| F|  |TAMS 0x0000000704600000, 0x0000000704600000| Untracked 
|  36|0x0000000704800000, 0x0000000704800000, 0x0000000704a00000|  0%| F|  |TAMS 0x0000000704800000, 0x0000000704800000| Untracked 
|  37|0x0000000704a00000, 0x0000000704a00000, 0x0000000704c00000|  0%| F|  |TAMS 0x0000000704a00000, 0x0000000704a00000| Untracked 
|  38|0x0000000704c00000, 0x0000000704c00000, 0x0000000704e00000|  0%| F|  |TAMS 0x0000000704c00000, 0x0000000704c00000| Untracked 
|  39|0x0000000704e00000, 0x0000000704e00000, 0x0000000705000000|  0%| F|  |TAMS 0x0000000704e00000, 0x0000000704e00000| Untracked 
|  40|0x0000000705000000, 0x0000000705000000, 0x0000000705200000|  0%| F|  |TAMS 0x0000000705000000, 0x0000000705000000| Untracked 
|  41|0x0000000705200000, 0x0000000705200000, 0x0000000705400000|  0%| F|  |TAMS 0x0000000705200000, 0x0000000705200000| Untracked 
|  42|0x0000000705400000, 0x0000000705400000, 0x0000000705600000|  0%| F|  |TAMS 0x0000000705400000, 0x0000000705400000| Untracked 
|  43|0x0000000705600000, 0x0000000705600000, 0x0000000705800000|  0%| F|  |TAMS 0x0000000705600000, 0x0000000705600000| Untracked 
|  44|0x0000000705800000, 0x0000000705800000, 0x0000000705a00000|  0%| F|  |TAMS 0x0000000705800000, 0x0000000705800000| Untracked 
|  45|0x0000000705a00000, 0x0000000705a00000, 0x0000000705c00000|  0%| F|  |TAMS 0x0000000705a00000, 0x0000000705a00000| Untracked 
|  46|0x0000000705c00000, 0x0000000705c00000, 0x0000000705e00000|  0%| F|  |TAMS 0x0000000705c00000, 0x0000000705c00000| Untracked 
|  47|0x0000000705e00000, 0x0000000705e00000, 0x0000000706000000|  0%| F|  |TAMS 0x0000000705e00000, 0x0000000705e00000| Untracked 
|  48|0x0000000706000000, 0x0000000706000000, 0x0000000706200000|  0%| F|  |TAMS 0x0000000706000000, 0x0000000706000000| Untracked 
|  49|0x0000000706200000, 0x0000000706200000, 0x0000000706400000|  0%| F|  |TAMS 0x0000000706200000, 0x0000000706200000| Untracked 
|  50|0x0000000706400000, 0x0000000706400000, 0x0000000706600000|  0%| F|  |TAMS 0x0000000706400000, 0x0000000706400000| Untracked 
|  51|0x0000000706600000, 0x0000000706600000, 0x0000000706800000|  0%| F|  |TAMS 0x0000000706600000, 0x0000000706600000| Untracked 
|  52|0x0000000706800000, 0x0000000706800000, 0x0000000706a00000|  0%| F|  |TAMS 0x0000000706800000, 0x0000000706800000| Untracked 
|  53|0x0000000706a00000, 0x0000000706a00000, 0x0000000706c00000|  0%| F|  |TAMS 0x0000000706a00000, 0x0000000706a00000| Untracked 
|  54|0x0000000706c00000, 0x0000000706c00000, 0x0000000706e00000|  0%| F|  |TAMS 0x0000000706c00000, 0x0000000706c00000| Untracked 
|  55|0x0000000706e00000, 0x0000000706e00000, 0x0000000707000000|  0%| F|  |TAMS 0x0000000706e00000, 0x0000000706e00000| Untracked 
|  56|0x0000000707000000, 0x0000000707000000, 0x0000000707200000|  0%| F|  |TAMS 0x0000000707000000, 0x0000000707000000| Untracked 
|  57|0x0000000707200000, 0x0000000707200000, 0x0000000707400000|  0%| F|  |TAMS 0x0000000707200000, 0x0000000707200000| Untracked 
|  58|0x0000000707400000, 0x0000000707400000, 0x0000000707600000|  0%| F|  |TAMS 0x0000000707400000, 0x0000000707400000| Untracked 
|  59|0x0000000707600000, 0x0000000707600000, 0x0000000707800000|  0%| F|  |TAMS 0x0000000707600000, 0x0000000707600000| Untracked 
|  60|0x0000000707800000, 0x0000000707800000, 0x0000000707a00000|  0%| F|  |TAMS 0x0000000707800000, 0x0000000707800000| Untracked 
|  61|0x0000000707a00000, 0x0000000707a00000, 0x0000000707c00000|  0%| F|  |TAMS 0x0000000707a00000, 0x0000000707a00000| Untracked 
|  62|0x0000000707c00000, 0x0000000707c00000, 0x0000000707e00000|  0%| F|  |TAMS 0x0000000707c00000, 0x0000000707c00000| Untracked 
|  63|0x0000000707e00000, 0x0000000707e00000, 0x0000000708000000|  0%| F|  |TAMS 0x0000000707e00000, 0x0000000707e00000| Untracked 
|  64|0x0000000708000000, 0x0000000708000000, 0x0000000708200000|  0%| F|  |TAMS 0x0000000708000000, 0x0000000708000000| Untracked 
|  65|0x0000000708200000, 0x0000000708200000, 0x0000000708400000|  0%| F|  |TAMS 0x0000000708200000, 0x0000000708200000| Untracked 
|  66|0x0000000708400000, 0x0000000708400000, 0x0000000708600000|  0%| F|  |TAMS 0x0000000708400000, 0x0000000708400000| Untracked 
|  67|0x0000000708600000, 0x0000000708600000, 0x0000000708800000|  0%| F|  |TAMS 0x0000000708600000, 0x0000000708600000| Untracked 
|  68|0x0000000708800000, 0x0000000708800000, 0x0000000708a00000|  0%| F|  |TAMS 0x0000000708800000, 0x0000000708800000| Untracked 
|  69|0x0000000708a00000, 0x0000000708a00000, 0x0000000708c00000|  0%| F|  |TAMS 0x0000000708a00000, 0x0000000708a00000| Untracked 
|  70|0x0000000708c00000, 0x0000000708c00000, 0x0000000708e00000|  0%| F|  |TAMS 0x0000000708c00000, 0x0000000708c00000| Untracked 
|  71|0x0000000708e00000, 0x0000000708e00000, 0x0000000709000000|  0%| F|  |TAMS 0x0000000708e00000, 0x0000000708e00000| Untracked 
|  72|0x0000000709000000, 0x0000000709000000, 0x0000000709200000|  0%| F|  |TAMS 0x0000000709000000, 0x0000000709000000| Untracked 
|  73|0x0000000709200000, 0x0000000709200000, 0x0000000709400000|  0%| F|  |TAMS 0x0000000709200000, 0x0000000709200000| Untracked 
|  74|0x0000000709400000, 0x0000000709400000, 0x0000000709600000|  0%| F|  |TAMS 0x0000000709400000, 0x0000000709400000| Untracked 
|  75|0x0000000709600000, 0x0000000709600000, 0x0000000709800000|  0%| F|  |TAMS 0x0000000709600000, 0x0000000709600000| Untracked 
|  76|0x0000000709800000, 0x0000000709800000, 0x0000000709a00000|  0%| F|  |TAMS 0x0000000709800000, 0x0000000709800000| Untracked 
|  77|0x0000000709a00000, 0x0000000709a00000, 0x0000000709c00000|  0%| F|  |TAMS 0x0000000709a00000, 0x0000000709a00000| Untracked 
|  78|0x0000000709c00000, 0x0000000709c00000, 0x0000000709e00000|  0%| F|  |TAMS 0x0000000709c00000, 0x0000000709c00000| Untracked 
|  79|0x0000000709e00000, 0x0000000709e00000, 0x000000070a000000|  0%| F|  |TAMS 0x0000000709e00000, 0x0000000709e00000| Untracked 
|  80|0x000000070a000000, 0x000000070a000000, 0x000000070a200000|  0%| F|  |TAMS 0x000000070a000000, 0x000000070a000000| Untracked 
|  81|0x000000070a200000, 0x000000070a200000, 0x000000070a400000|  0%| F|  |TAMS 0x000000070a200000, 0x000000070a200000| Untracked 
|  82|0x000000070a400000, 0x000000070a400000, 0x000000070a600000|  0%| F|  |TAMS 0x000000070a400000, 0x000000070a400000| Untracked 
|  83|0x000000070a600000, 0x000000070a600000, 0x000000070a800000|  0%| F|  |TAMS 0x000000070a600000, 0x000000070a600000| Untracked 
|  84|0x000000070a800000, 0x000000070a800000, 0x000000070aa00000|  0%| F|  |TAMS 0x000000070a800000, 0x000000070a800000| Untracked 
|  85|0x000000070aa00000, 0x000000070aa00000, 0x000000070ac00000|  0%| F|  |TAMS 0x000000070aa00000, 0x000000070aa00000| Untracked 
|  86|0x000000070ac00000, 0x000000070ac00000, 0x000000070ae00000|  0%| F|  |TAMS 0x000000070ac00000, 0x000000070ac00000| Untracked 
|  87|0x000000070ae00000, 0x000000070ae00000, 0x000000070b000000|  0%| F|  |TAMS 0x000000070ae00000, 0x000000070ae00000| Untracked 
|  88|0x000000070b000000, 0x000000070b000000, 0x000000070b200000|  0%| F|  |TAMS 0x000000070b000000, 0x000000070b000000| Untracked 
|  89|0x000000070b200000, 0x000000070b200000, 0x000000070b400000|  0%| F|  |TAMS 0x000000070b200000, 0x000000070b200000| Untracked 
|  90|0x000000070b400000, 0x000000070b400000, 0x000000070b600000|  0%| F|  |TAMS 0x000000070b400000, 0x000000070b400000| Untracked 
|  91|0x000000070b600000, 0x000000070b600000, 0x000000070b800000|  0%| F|  |TAMS 0x000000070b600000, 0x000000070b600000| Untracked 
|  92|0x000000070b800000, 0x000000070b800000, 0x000000070ba00000|  0%| F|  |TAMS 0x000000070b800000, 0x000000070b800000| Untracked 
|  93|0x000000070ba00000, 0x000000070ba00000, 0x000000070bc00000|  0%| F|  |TAMS 0x000000070ba00000, 0x000000070ba00000| Untracked 
|  94|0x000000070bc00000, 0x000000070bc00000, 0x000000070be00000|  0%| F|  |TAMS 0x000000070bc00000, 0x000000070bc00000| Untracked 
|  95|0x000000070be00000, 0x000000070be00000, 0x000000070c000000|  0%| F|  |TAMS 0x000000070be00000, 0x000000070be00000| Untracked 
|  96|0x000000070c000000, 0x000000070c000000, 0x000000070c200000|  0%| F|  |TAMS 0x000000070c000000, 0x000000070c000000| Untracked 
|  97|0x000000070c200000, 0x000000070c200000, 0x000000070c400000|  0%| F|  |TAMS 0x000000070c200000, 0x000000070c200000| Untracked 
|  98|0x000000070c400000, 0x000000070c400000, 0x000000070c600000|  0%| F|  |TAMS 0x000000070c400000, 0x000000070c400000| Untracked 
|  99|0x000000070c600000, 0x000000070c600000, 0x000000070c800000|  0%| F|  |TAMS 0x000000070c600000, 0x000000070c600000| Untracked 
| 100|0x000000070c800000, 0x000000070c800000, 0x000000070ca00000|  0%| F|  |TAMS 0x000000070c800000, 0x000000070c800000| Untracked 
| 101|0x000000070ca00000, 0x000000070ca00000, 0x000000070cc00000|  0%| F|  |TAMS 0x000000070ca00000, 0x000000070ca00000| Untracked 
| 102|0x000000070cc00000, 0x000000070cc00000, 0x000000070ce00000|  0%| F|  |TAMS 0x000000070cc00000, 0x000000070cc00000| Untracked 
| 103|0x000000070ce00000, 0x000000070ce00000, 0x000000070d000000|  0%| F|  |TAMS 0x000000070ce00000, 0x000000070ce00000| Untracked 
| 104|0x000000070d000000, 0x000000070d000000, 0x000000070d200000|  0%| F|  |TAMS 0x000000070d000000, 0x000000070d000000| Untracked 
| 105|0x000000070d200000, 0x000000070d200000, 0x000000070d400000|  0%| F|  |TAMS 0x000000070d200000, 0x000000070d200000| Untracked 
| 106|0x000000070d400000, 0x000000070d400000, 0x000000070d600000|  0%| F|  |TAMS 0x000000070d400000, 0x000000070d400000| Untracked 
| 107|0x000000070d600000, 0x000000070d600000, 0x000000070d800000|  0%| F|  |TAMS 0x000000070d600000, 0x000000070d600000| Untracked 
| 108|0x000000070d800000, 0x000000070d800000, 0x000000070da00000|  0%| F|  |TAMS 0x000000070d800000, 0x000000070d800000| Untracked 
| 109|0x000000070da00000, 0x000000070dab8220, 0x000000070dc00000| 35%| E|  |TAMS 0x000000070da00000, 0x000000070da00000| Complete 
| 110|0x000000070dc00000, 0x000000070de00000, 0x000000070de00000|100%| E|CS|TAMS 0x000000070dc00000, 0x000000070dc00000| Complete 
| 111|0x000000070de00000, 0x000000070e000000, 0x000000070e000000|100%| E|CS|TAMS 0x000000070de00000, 0x000000070de00000| Complete 
| 112|0x000000070e000000, 0x000000070e200000, 0x000000070e200000|100%| E|CS|TAMS 0x000000070e000000, 0x000000070e000000| Complete 
| 113|0x000000070e200000, 0x000000070e400000, 0x000000070e400000|100%| E|CS|TAMS 0x000000070e200000, 0x000000070e200000| Complete 
| 114|0x000000070e400000, 0x000000070e600000, 0x000000070e600000|100%| E|CS|TAMS 0x000000070e400000, 0x000000070e400000| Complete 
| 115|0x000000070e600000, 0x000000070e71aa90, 0x000000070e800000| 55%| S|CS|TAMS 0x000000070e600000, 0x000000070e600000| Complete 
| 116|0x000000070e800000, 0x000000070ea00000, 0x000000070ea00000|100%| S|CS|TAMS 0x000000070e800000, 0x000000070e800000| Complete 
| 117|0x000000070ea00000, 0x000000070ec00000, 0x000000070ec00000|100%| E|CS|TAMS 0x000000070ea00000, 0x000000070ea00000| Complete 
| 118|0x000000070ec00000, 0x000000070ee00000, 0x000000070ee00000|100%| E|CS|TAMS 0x000000070ec00000, 0x000000070ec00000| Complete 
| 119|0x000000070ee00000, 0x000000070f000000, 0x000000070f000000|100%| E|CS|TAMS 0x000000070ee00000, 0x000000070ee00000| Complete 
| 120|0x000000070f000000, 0x000000070f200000, 0x000000070f200000|100%| E|CS|TAMS 0x000000070f000000, 0x000000070f000000| Complete 
| 121|0x000000070f200000, 0x000000070f400000, 0x000000070f400000|100%| E|CS|TAMS 0x000000070f200000, 0x000000070f200000| Complete 
| 122|0x000000070f400000, 0x000000070f600000, 0x000000070f600000|100%| E|CS|TAMS 0x000000070f400000, 0x000000070f400000| Complete 
| 123|0x000000070f600000, 0x000000070f800000, 0x000000070f800000|100%| E|CS|TAMS 0x000000070f600000, 0x000000070f600000| Complete 
| 124|0x000000070f800000, 0x000000070fa00000, 0x000000070fa00000|100%| E|CS|TAMS 0x000000070f800000, 0x000000070f800000| Complete 
| 125|0x000000070fa00000, 0x000000070fc00000, 0x000000070fc00000|100%| E|CS|TAMS 0x000000070fa00000, 0x000000070fa00000| Complete 
| 126|0x000000070fc00000, 0x000000070fe00000, 0x000000070fe00000|100%| E|CS|TAMS 0x000000070fc00000, 0x000000070fc00000| Complete 
| 127|0x000000070fe00000, 0x0000000710000000, 0x0000000710000000|100%| E|CS|TAMS 0x000000070fe00000, 0x000000070fe00000| Complete 
|2046|0x00000007ffc00000, 0x00000007ffd78000, 0x00000007ffe00000| 73%|OA|  |TAMS 0x00000007ffc00000, 0x00000007ffc00000| Untracked 
|2047|0x00000007ffe00000, 0x00000007ffe80000, 0x0000000800000000| 25%|CA|  |TAMS 0x00000007ffe00000, 0x00000007ffe00000| Untracked 

Card table byte_map: [0x000000011d3f0000,0x000000011dbf0000] _byte_map_base: 0x0000000119bf0000

Marking Bits (Prev, Next): (CMBitMap*) 0x000000012a808210, (CMBitMap*) 0x000000012a808250
 Prev Bits: [0x000000011e3f0000, 0x00000001223f0000)
 Next Bits: [0x00000001223f0000, 0x00000001263f0000)

Polling page: 0x0000000104ea4000

Metaspace:

Usage:
  Non-class:     12.56 MB used.
      Class:      2.14 MB used.
       Both:     14.70 MB used.

Virtual space:
  Non-class space:       16.00 MB reserved,      12.69 MB ( 79%) committed,  2 nodes.
      Class space:        1.00 GB reserved,       2.25 MB ( <1%) committed,  1 nodes.
             Both:        1.02 GB reserved,      14.94 MB (  1%) committed. 

Chunk freelists:
   Non-Class:  2.41 MB
       Class:  1.72 MB
        Both:  4.13 MB

MaxMetaspaceSize: unlimited
CompressedClassSpaceSize: 1.00 GB
Initial GC threshold: 21.00 MB
Current GC threshold: 21.00 MB
CDS: on
MetaspaceReclaimPolicy: balanced
 - commit_granule_bytes: 65536.
 - commit_granule_words: 8192.
 - virtual_space_node_default_size: 1048576.
 - enlarge_chunks_in_place: 1.
 - new_chunks_are_fully_committed: 0.
 - uncommit_free_chunks: 1.
 - use_allocation_guard: 0.
 - handle_deallocations: 1.


Internal statistics:

num_allocs_failed_limit: 0.
num_arena_births: 190.
num_arena_deaths: 0.
num_vsnodes_births: 3.
num_vsnodes_deaths: 0.
num_space_committed: 239.
num_space_uncommitted: 0.
num_chunks_returned_to_freelist: 0.
num_chunks_taken_from_freelist: 653.
num_chunk_merges: 0.
num_chunk_splits: 463.
num_chunks_enlarged: 369.
num_purges: 0.
num_inconsistent_stats: 0.

CodeHeap 'non-profiled nmethods': size=120032Kb used=833Kb max_used=833Kb free=119198Kb
 bounds [0x0000000115eb8000, 0x0000000116128000, 0x000000011d3f0000]
CodeHeap 'profiled nmethods': size=120016Kb used=4260Kb max_used=4260Kb free=115756Kb
 bounds [0x000000010e984000, 0x000000010edb4000, 0x0000000115eb8000]
CodeHeap 'non-nmethods': size=5712Kb used=1367Kb max_used=1441Kb free=4345Kb
 bounds [0x000000010e3f0000, 0x000000010e660000, 0x000000010e984000]
 total_blobs=2931 nmethods=2170 adapters=677
 compilation: enabled
              stopped_count=0, restarted_count=0
 full_count=0

Compilation events (20 events):
Event: 9.836 Thread 0x000000013a809800 nmethod 2213 0x000000010eda9810 code [0x000000010eda99c0, 0x000000010eda9b68]
Event: 9.861 Thread 0x000000013a809800 2214       1       java.util.EventObject::getSource (5 bytes)
Event: 9.861 Thread 0x000000013a809800 nmethod 2214 0x0000000115f86010 code [0x0000000115f86180, 0x0000000115f86268]
Event: 9.869 Thread 0x000000013a809800 2215       3       com.sun.javafx.event.EventHandlerManager::dispatchCapturingEvent (23 bytes)
Event: 9.869 Thread 0x000000013a809800 nmethod 2215 0x000000010eda9c10 code [0x000000010eda9e00, 0x000000010edaa188]
Event: 9.878 Thread 0x000000012881f000 2216       4       com.sun.javafx.geom.RectBounds::isEmpty (30 bytes)
Event: 9.878 Thread 0x000000013a809800 2217       1       com.sun.javafx.stage.WindowEventDispatcher::getFirstDispatcher (5 bytes)
Event: 9.879 Thread 0x000000013a809800 nmethod 2217 0x0000000115f86310 code [0x0000000115f86480, 0x0000000115f86568]
Event: 9.879 Thread 0x000000012881f000 nmethod 2216 0x0000000115f86610 code [0x0000000115f86780, 0x0000000115f86870]
Event: 9.895 Thread 0x000000013a809800 2218       3       javafx.scene.input.MouseEvent::<init> (208 bytes)
Event: 9.896 Thread 0x000000013a809800 nmethod 2218 0x000000010edaa310 code [0x000000010edaa540, 0x000000010edaacb8]
Event: 9.896 Thread 0x000000013a809800 2219       3       javafx.scene.input.InputEvent::<init> (8 bytes)
Event: 9.896 Thread 0x000000013a809800 nmethod 2219 0x000000010edab090 code [0x000000010edab240, 0x000000010edab3d8]
Event: 9.896 Thread 0x000000013a809800 2220       3       javafx.scene.input.MouseEvent::<init> (45 bytes)
Event: 9.896 Thread 0x000000013a809800 nmethod 2220 0x000000010edab490 code [0x000000010edab640, 0x000000010edab898]
Event: 9.896 Thread 0x000000013a809800 2221       3       javafx.scene.Node::localToScene (17 bytes)
Event: 9.897 Thread 0x000000013a809800 nmethod 2221 0x000000010edaba10 code [0x000000010edabbc0, 0x000000010edabe58]
Event: 9.897 Thread 0x000000013a809800 2222       1       com.sun.javafx.scene.SceneEventDispatcher::getFirstDispatcher (5 bytes)
Event: 9.897 Thread 0x000000013a809800 nmethod 2222 0x0000000115f86910 code [0x0000000115f86a80, 0x0000000115f86b68]
Event: 9.899 Thread 0x000000012881f000 2223       4       com.sun.javafx.collections.ObservableListWrapper::get (11 bytes)

GC Heap History (2 events):
Event: 0.399 GC heap before
{Heap before GC invocations=0 (full 0):
 garbage-first heap   total 266240K, used 22496K [0x0000000700000000, 0x0000000800000000)
  region size 2048K, 11 young (22528K), 0 survivors (0K)
 Metaspace       used 7250K, committed 7424K, reserved 1056768K
  class space    used 912K, committed 1024K, reserved 1048576K
}
Event: 0.400 GC heap after
{Heap after GC invocations=1 (full 0):
 garbage-first heap   total 266240K, used 5194K [0x0000000700000000, 0x0000000800000000)
  region size 2048K, 2 young (4096K), 2 survivors (4096K)
 Metaspace       used 7250K, committed 7424K, reserved 1056768K
  class space    used 912K, committed 1024K, reserved 1048576K
}

Deoptimization events (20 events):
Event: 4.111 Thread 0x000000013a106400 DEOPT PACKING pc=0x000000010ec747b8 sp=0x000000016e0352c0
Event: 4.111 Thread 0x000000013a106400 DEOPT UNPACKING pc=0x000000010e42eb7c sp=0x000000016e034f20 mode 0
Event: 4.111 Thread 0x000000013a106400 DEOPT PACKING pc=0x000000010ecaa0d4 sp=0x000000016e035500
Event: 4.111 Thread 0x000000013a106400 DEOPT UNPACKING pc=0x000000010e42eb7c sp=0x000000016e035120 mode 0
Event: 4.111 Thread 0x000000013a106400 DEOPT PACKING pc=0x000000010ec747b8 sp=0x000000016e0352c0
Event: 4.111 Thread 0x000000013a106400 DEOPT UNPACKING pc=0x000000010e42eb7c sp=0x000000016e034f20 mode 0
Event: 6.533 Thread 0x000000013a106400 DEOPT PACKING pc=0x000000010ecd6000 sp=0x000000016e0353e0
Event: 6.533 Thread 0x000000013a106400 DEOPT UNPACKING pc=0x000000010e42eb7c sp=0x000000016e034fe0 mode 0
Event: 7.202 Thread 0x000000013b193000 Uncommon trap: trap_request=0xffffff45 fr.pc=0x0000000115f423a0 relative=0x0000000000000320
Event: 7.202 Thread 0x000000013b193000 Uncommon trap: reason=unstable_if action=reinterpret pc=0x0000000115f423a0 method=java.lang.AbstractStringBuilder.append(C)Ljava/lang/AbstractStringBuilder; @ 21 c2
Event: 7.202 Thread 0x000000013b193000 DEOPT PACKING pc=0x0000000115f423a0 sp=0x000000016b18e2c0
Event: 7.202 Thread 0x000000013b193000 DEOPT UNPACKING pc=0x000000010e42ed1c sp=0x000000016b18e210 mode 2
Event: 7.202 Thread 0x000000013b193000 Uncommon trap: trap_request=0xffffff45 fr.pc=0x0000000115f31ee0 relative=0x00000000000002e0
Event: 7.202 Thread 0x000000013b193000 Uncommon trap: reason=unstable_if action=reinterpret pc=0x0000000115f31ee0 method=java.lang.AbstractStringBuilder.isLatin1()Z @ 10 c2
Event: 7.202 Thread 0x000000013b193000 DEOPT PACKING pc=0x0000000115f31ee0 sp=0x000000016b18e2d0
Event: 7.202 Thread 0x000000013b193000 DEOPT UNPACKING pc=0x000000010e42ed1c sp=0x000000016b18e230 mode 2
Event: 8.042 Thread 0x000000013b193000 Uncommon trap: trap_request=0xffffff45 fr.pc=0x0000000115f32da8 relative=0x0000000000000328
Event: 8.042 Thread 0x000000013b193000 Uncommon trap: reason=unstable_if action=reinterpret pc=0x0000000115f32da8 method=java.lang.AbstractStringBuilder.append(C)Ljava/lang/AbstractStringBuilder; @ 21 c2
Event: 8.042 Thread 0x000000013b193000 DEOPT PACKING pc=0x0000000115f32da8 sp=0x000000016b18e3c0
Event: 8.042 Thread 0x000000013b193000 DEOPT UNPACKING pc=0x000000010e42ed1c sp=0x000000016b18e380 mode 2

Classes unloaded (0 events):
No events

Classes redefined (0 events):
No events

Internal exceptions (20 events):
Event: 0.461 Thread 0x000000013b193000 Exception <a 'java/lang/NoSuchMethodError'{0x000000070f952988}: 'void java.lang.invoke.DirectMethodHandle$Holder.invokeSpecial(java.lang.Object, java.lang.Object, java.lang.Object, java.lang.Object, java.lang.Object)'> (0x000000070f952988) 
thrown [open/src/hotspot/share/interpreter/linkResolver.cpp, line 766]
Event: 0.474 Thread 0x000000013b193000 Exception <a 'sun/nio/fs/UnixException'{0x000000070f78b268}> (0x000000070f78b268) 
thrown [open/src/hotspot/share/prims/jni.cpp, line 516]
Event: 0.536 Thread 0x000000013b193000 Exception <a 'sun/nio/fs/UnixException'{0x000000070f55cc68}> (0x000000070f55cc68) 
thrown [open/src/hotspot/share/prims/jni.cpp, line 516]
Event: 0.540 Thread 0x000000013b193000 Implicit null exception at 0x0000000115ef94f8 to 0x0000000115ef9588
Event: 0.551 Thread 0x000000013b193000 Implicit null exception at 0x0000000115f06f54 to 0x0000000115f072ac
Event: 0.603 Thread 0x000000013b193000 Exception <a 'java/lang/NoSuchMethodError'{0x000000070efe40e8}: 'java.lang.Object java.lang.invoke.DirectMethodHandle$Holder.invokeInterface(java.lang.Object, java.lang.Object, java.lang.Object)'> (0x000000070efe40e8) 
thrown [open/src/hotspot/share/interpreter/linkResolver.cpp, line 766]
Event: 0.603 Thread 0x000000013b193000 Exception <a 'java/lang/IncompatibleClassChangeError'{0x000000070efe7a70}: Found class java.lang.Object, but interface was expected> (0x000000070efe7a70) 
thrown [open/src/hotspot/share/interpreter/linkResolver.cpp, line 833]
Event: 0.618 Thread 0x000000013b193000 Exception <a 'java/lang/ClassNotFoundException'{0x000000070edeb9e8}: com/sun/javafx/scene/control/skin/resources/controls> (0x000000070edeb9e8) 
thrown [open/src/hotspot/share/prims/jni.cpp, line 535]
Event: 0.618 Thread 0x000000013b193000 Exception <a 'java/lang/ClassNotFoundException'{0x000000070edf9988}: com/sun/javafx/scene/control/skin/resources/controls_nl> (0x000000070edf9988) 
thrown [open/src/hotspot/share/prims/jni.cpp, line 535]
Event: 0.618 Thread 0x000000013b193000 Exception <a 'java/lang/ClassNotFoundException'{0x000000070edfa920}: com/sun/javafx/scene/control/skin/resources/controls_nl_NL> (0x000000070edfa920) 
thrown [open/src/hotspot/share/prims/jni.cpp, line 535]
Event: 0.630 Thread 0x000000013b193000 Exception <a 'java/lang/NoSuchMethodError'{0x000000070ebb3c10}: 'void java.lang.invoke.DirectMethodHandle$Holder.invokeSpecial(java.lang.Object, java.lang.Object, java.lang.Object, java.lang.Object, java.lang.Object, java.lang.Object)'> (0x000000070ebb3c10) 
thrown [open/src/hotspot/share/interpreter/linkResolver.cpp, line 766]
Event: 0.662 Thread 0x000000013b193000 Exception <a 'java/lang/NoSuchMethodError'{0x000000070e3546e0}: 'java.lang.Object java.lang.invoke.DirectMethodHandle$Holder.newInvokeSpecial(java.lang.Object, java.lang.Object, int)'> (0x000000070e3546e0) 
thrown [open/src/hotspot/share/interpreter/linkResolver.cpp, line 766]
Event: 0.712 Thread 0x000000013a106400 Exception <a 'java/lang/NoSuchMethodError'{0x000000070e11ffe0}: 'int java.lang.invoke.DirectMethodHandle$Holder.invokeStaticInit(java.lang.Object, java.lang.Object)'> (0x000000070e11ffe0) 
thrown [open/src/hotspot/share/interpreter/linkResolver.cpp, line 766]
Event: 0.718 Thread 0x000000013b193000 Exception <a 'java/lang/NoSuchMethodError'{0x000000070e03b488}: 'long java.lang.invoke.DirectMethodHandle$Holder.invokeStatic(java.lang.Object, java.lang.Object, java.lang.Object)'> (0x000000070e03b488) 
thrown [open/src/hotspot/share/interpreter/linkResolver.cpp, line 766]
Event: 0.718 Thread 0x000000013b193000 Exception <a 'java/lang/NoSuchMethodError'{0x000000070e03ec30}: 'long java.lang.invoke.DirectMethodHandle$Holder.invokeStaticInit(java.lang.Object, java.lang.Object, java.lang.Object)'> (0x000000070e03ec30) 
thrown [open/src/hotspot/share/interpreter/linkResolver.cpp, line 766]
Event: 0.719 Thread 0x000000013b193000 Exception <a 'java/lang/NoSuchMethodError'{0x000000070e056838}: 'java.lang.Object java.lang.invoke.DirectMethodHandle$Holder.newInvokeSpecial(java.lang.Object, java.lang.Object, long)'> (0x000000070e056838) 
thrown [open/src/hotspot/share/interpreter/linkResolver.cpp, line 766]
Event: 0.719 Thread 0x000000013b193000 Exception <a 'java/lang/NoSuchMethodError'{0x000000070e05a100}: 'java.lang.Object java.lang.invoke.Invokers$Holder.linkToTargetMethod(java.lang.Object, long, java.lang.Object)'> (0x000000070e05a100) 
thrown [open/src/hotspot/share/interpreter/linkResolver.cpp, line 766]
Event: 6.433 Thread 0x000000013b193000 Exception <a 'java/lang/NoSuchMethodError'{0x000000070da0e508}: 'java.lang.Object java.lang.invoke.DirectMethodHandle$Holder.newInvokeSpecial(java.lang.Object, java.lang.Object, int, int, int, int, int, java.lang.Object)'> (0x000000070da0e508) 
thrown [open/src/hotspot/share/interpreter/linkResolver.cpp, line 766]
Event: 6.434 Thread 0x000000013b193000 Exception <a 'java/lang/NoSuchMethodError'{0x000000070da214e8}: 'java.lang.Object java.lang.invoke.DirectMethodHandle$Holder.newInvokeSpecial(java.lang.Object, java.lang.Object, java.lang.Object, int, int, int, int, int)'> (0x000000070da214e8) 
thrown [open/src/hotspot/share/interpreter/linkResolver.cpp, line 766]
Event: 6.434 Thread 0x000000013b193000 Exception <a 'java/lang/NoSuchMethodError'{0x000000070da28d48}: 'java.lang.Object java.lang.invoke.Invokers$Holder.linkToTargetMethod(java.lang.Object, java.lang.Object, int, int, int, int, int, java.lang.Object)'> (0x000000070da28d48) 
thrown [open/src/hotspot/share/interpreter/linkResolver.cpp, line 766]

VM Operations (20 events):
Event: 0.526 Executing VM operation: HandshakeAllThreads
Event: 0.526 Executing VM operation: HandshakeAllThreads done
Event: 0.640 Executing VM operation: ICBufferFull
Event: 0.641 Executing VM operation: ICBufferFull done
Event: 2.097 Executing VM operation: Cleanup
Event: 2.097 Executing VM operation: Cleanup done
Event: 3.102 Executing VM operation: Cleanup
Event: 3.102 Executing VM operation: Cleanup done
Event: 4.107 Executing VM operation: Cleanup
Event: 4.107 Executing VM operation: Cleanup done
Event: 5.112 Executing VM operation: Cleanup
Event: 5.112 Executing VM operation: Cleanup done
Event: 6.115 Executing VM operation: Cleanup
Event: 6.115 Executing VM operation: Cleanup done
Event: 7.119 Executing VM operation: Cleanup
Event: 7.119 Executing VM operation: Cleanup done
Event: 8.124 Executing VM operation: Cleanup
Event: 8.124 Executing VM operation: Cleanup done
Event: 9.129 Executing VM operation: Cleanup
Event: 9.129 Executing VM operation: Cleanup done

Events (20 events):
Event: 6.421 loading class sun/text/resources/BreakIteratorInfo
Event: 6.422 loading class sun/text/resources/BreakIteratorInfo done
Event: 6.422 loading class sun/text/resources/BreakIteratorResources
Event: 6.422 loading class sun/util/resources/BreakIteratorResourceBundle
Event: 6.422 loading class sun/util/resources/BreakIteratorResourceBundle done
Event: 6.422 loading class sun/text/resources/BreakIteratorResources done
Event: 6.422 loading class sun/util/resources/Bundles$2
Event: 6.422 loading class sun/util/resources/Bundles$2 done
Event: 6.423 loading class sun/text/RuleBasedBreakIterator
Event: 6.424 loading class sun/text/RuleBasedBreakIterator done
Event: 6.425 loading class sun/text/CompactByteArray
Event: 6.425 loading class sun/text/CompactByteArray done
Event: 6.425 loading class sun/text/SupplementaryCharacterData
Event: 6.425 loading class sun/text/SupplementaryCharacterData done
Event: 6.425 loading class java/text/BreakIterator$BreakIteratorCache
Event: 6.425 loading class java/text/BreakIterator$BreakIteratorCache done
Event: 6.434 Thread 0x000000013c886400 Thread added: 0x000000013c886400
Event: 6.435 Protecting memory [0x000000016d3f8000,0x000000016d404000] with protection modes 0
Event: 6.649 Protecting memory [0x000000016d3f8000,0x000000016d404000] with protection modes 3
Event: 6.649 Thread 0x000000013c886400 Thread exited: 0x000000013c886400


Dynamic libraries:
0x0000000104e54000 	/Library/Java/JavaVirtualMachines/jdk-17.0.1.jdk/Contents/Home/lib/libjli.dylib
0x00000001a32e3000 	/usr/lib/libz.1.dylib
0x00000001a3393000 	/usr/lib/libSystem.B.dylib
0x00000001a338d000 	/usr/lib/system/libcache.dylib
0x00000001a334b000 	/usr/lib/system/libcommonCrypto.dylib
0x00000001a3374000 	/usr/lib/system/libcompiler_rt.dylib
0x00000001a336b000 	/usr/lib/system/libcopyfile.dylib
0x00000001986d6000 	/usr/lib/system/libcorecrypto.dylib
0x000000019877b000 	/usr/lib/system/libdispatch.dylib
0x0000000198943000 	/usr/lib/system/libdyld.dylib
0x00000001a3383000 	/usr/lib/system/libkeymgr.dylib
0x00000001a332d000 	/usr/lib/system/libmacho.dylib
0x00000001a2a31000 	/usr/lib/system/libquarantine.dylib
0x00000001a3380000 	/usr/lib/system/libremovefile.dylib
0x000000019dad2000 	/usr/lib/system/libsystem_asl.dylib
0x0000000198680000 	/usr/lib/system/libsystem_blocks.dylib
0x0000000198801000 	/usr/lib/system/libsystem_c.dylib
0x00000001a3378000 	/usr/lib/system/libsystem_collections.dylib
0x00000001a1ef0000 	/usr/lib/system/libsystem_configuration.dylib
0x00000001a1174000 	/usr/lib/system/libsystem_containermanager.dylib
0x00000001a3094000 	/usr/lib/system/libsystem_coreservices.dylib
0x000000019b067000 	/usr/lib/system/libsystem_darwin.dylib
0x00000001a3384000 	/usr/lib/system/libsystem_dnssd.dylib
0x00000001987fe000 	/usr/lib/system/libsystem_featureflags.dylib
0x0000000198958000 	/usr/lib/system/libsystem_info.dylib
0x00000001a32f5000 	/usr/lib/system/libsystem_m.dylib
0x0000000198750000 	/usr/lib/system/libsystem_malloc.dylib
0x000000019da63000 	/usr/lib/system/libsystem_networkextension.dylib
0x000000019b4bb000 	/usr/lib/system/libsystem_notify.dylib
0x00000001a9599000 	/usr/lib/system/libsystem_product_info_filter.dylib
0x00000001a1ef5000 	/usr/lib/system/libsystem_sandbox.dylib
0x00000001a337d000 	/usr/lib/system/libsystem_secinit.dylib
0x0000000198900000 	/usr/lib/system/libsystem_kernel.dylib
0x0000000198950000 	/usr/lib/system/libsystem_platform.dylib
0x0000000198936000 	/usr/lib/system/libsystem_pthread.dylib
0x000000019f20c000 	/usr/lib/system/libsystem_symptoms.dylib
0x00000001986bc000 	/usr/lib/system/libsystem_trace.dylib
0x00000001a3358000 	/usr/lib/system/libunwind.dylib
0x0000000198682000 	/usr/lib/system/libxpc.dylib
0x00000001988e6000 	/usr/lib/libc++abi.dylib
0x00000001987c2000 	/usr/lib/libobjc.A.dylib
0x00000001a3363000 	/usr/lib/liboah.dylib
0x0000000198882000 	/usr/lib/libc++.1.dylib
0x00000001aef94000 	/System/Library/Frameworks/Cocoa.framework/Versions/A/Cocoa
0x000000019b51b000 	/System/Library/Frameworks/AppKit.framework/Versions/C/AppKit
0x000000019ea4b000 	/System/Library/Frameworks/CoreData.framework/Versions/A/CoreData
0x0000000199878000 	/System/Library/Frameworks/Foundation.framework/Versions/C/Foundation
0x000000019c3cf000 	/System/Library/PrivateFrameworks/UIFoundation.framework/Versions/A/UIFoundation
0x00000001a9293000 	/System/Library/PrivateFrameworks/RemoteViewServices.framework/Versions/A/RemoteViewServices
0x00000001a18ae000 	/System/Library/PrivateFrameworks/XCTTargetBootstrap.framework/Versions/A/XCTTargetBootstrap
0x00000001a5094000 	/System/Library/PrivateFrameworks/InternationalSupport.framework/Versions/A/InternationalSupport
0x00000001a511d000 	/System/Library/PrivateFrameworks/UserActivity.framework/Versions/A/UserActivity
0x00000001a45c2000 	/usr/lib/libspindump.dylib
0x000000019c63f000 	/System/Library/Frameworks/UniformTypeIdentifiers.framework/Versions/A/UniformTypeIdentifiers
0x000000019fe3b000 	/usr/lib/libapp_launch_measurement.dylib
0x000000019f3b3000 	/System/Library/PrivateFrameworks/CoreAnalytics.framework/Versions/A/CoreAnalytics
0x000000019fe3e000 	/System/Library/PrivateFrameworks/CoreAutoLayout.framework/Versions/A/CoreAutoLayout
0x00000001a11b1000 	/System/Library/Frameworks/Metal.framework/Versions/A/Metal
0x00000001a1f00000 	/usr/lib/liblangid.dylib
0x00000001a18b2000 	/System/Library/PrivateFrameworks/CoreSVG.framework/Versions/A/CoreSVG
0x000000019db06000 	/System/Library/PrivateFrameworks/SkyLight.framework/Versions/A/SkyLight
0x000000019ded0000 	/System/Library/Frameworks/CoreGraphics.framework/Versions/A/CoreGraphics
0x00000001a9910000 	/System/Library/Frameworks/Accelerate.framework/Versions/A/Accelerate
0x00000001a4036000 	/System/Library/PrivateFrameworks/IconServices.framework/Versions/A/IconServices
0x00000001a1193000 	/System/Library/Frameworks/IOSurface.framework/Versions/A/IOSurface
0x000000019f3e3000 	/usr/lib/libDiagnosticMessagesClient.dylib
0x00000001acd57000 	/System/Library/Frameworks/ApplicationServices.framework/Versions/A/ApplicationServices
0x00000001a1896000 	/System/Library/PrivateFrameworks/DFRFoundation.framework/Versions/A/DFRFoundation
0x000000019adbc000 	/usr/lib/libicucore.A.dylib
0x00000001a5e95000 	/System/Library/Frameworks/AudioToolbox.framework/Versions/A/AudioToolbox
0x00000001a50a0000 	/System/Library/PrivateFrameworks/DataDetectorsCore.framework/Versions/A/DataDetectorsCore
0x00000001bb1d2000 	/System/Library/PrivateFrameworks/TextInput.framework/Versions/A/TextInput
0x000000019da7d000 	/usr/lib/libMobileGestalt.dylib
0x00000001a1566000 	/System/Library/Frameworks/Carbon.framework/Versions/A/Frameworks/HIToolbox.framework/Versions/A/HIToolbox
0x000000019f844000 	/System/Library/Frameworks/QuartzCore.framework/Versions/A/QuartzCore
0x000000019aa39000 	/System/Library/Frameworks/Security.framework/Versions/A/Security
0x00000001a92d3000 	/System/Library/Frameworks/Carbon.framework/Versions/A/Frameworks/SpeechRecognition.framework/Versions/A/SpeechRecognition
0x000000019fb92000 	/System/Library/PrivateFrameworks/CoreUI.framework/Versions/A/CoreUI
0x000000019a30a000 	/System/Library/Frameworks/CoreAudio.framework/Versions/A/CoreAudio
0x000000019f4d7000 	/System/Library/Frameworks/DiskArbitration.framework/Versions/A/DiskArbitration
0x00000001a49a7000 	/System/Library/PrivateFrameworks/MultitouchSupport.framework/Versions/A/MultitouchSupport
0x000000019da7b000 	/usr/lib/libenergytrace.dylib
0x000000019b3e5000 	/System/Library/Frameworks/IOKit.framework/Versions/A/IOKit
0x00000001a96bc000 	/System/Library/Frameworks/CoreServices.framework/Versions/A/CoreServices
0x000000019fdcb000 	/System/Library/PrivateFrameworks/PerformanceAnalysis.framework/Versions/A/PerformanceAnalysis
0x00000001f9d45000 	/System/Library/Frameworks/OpenGL.framework/Versions/A/OpenGL
0x00000001a2951000 	/System/Library/PrivateFrameworks/MobileKeyBag.framework/Versions/A/MobileKeyBag
0x000000019e4e0000 	/System/Library/Frameworks/ColorSync.framework/Versions/A/ColorSync
0x0000000198984000 	/System/Library/Frameworks/CoreFoundation.framework/Versions/A/CoreFoundation
0x00000001a1b33000 	/System/Library/Frameworks/CoreImage.framework/Versions/A/CoreImage
0x000000019a12d000 	/System/Library/Frameworks/CoreText.framework/Versions/A/CoreText
0x00000001a18e2000 	/System/Library/Frameworks/ImageIO.framework/Versions/A/ImageIO
0x00000001a3399000 	/System/Library/PrivateFrameworks/SoftLinking.framework/Versions/A/SoftLinking
0x000000019fe88000 	/usr/lib/libxml2.2.dylib
0x00000001a3632000 	/usr/lib/libcompression.dylib
0x00000001a4fed000 	/System/Library/PrivateFrameworks/TextureIO.framework/Versions/A/TextureIO
0x00000001a3d50000 	/usr/lib/libate.dylib
0x00000001a3c18000 	/usr/lib/liblzma.5.dylib
0x000000019956c000 	/System/Library/Frameworks/SystemConfiguration.framework/Versions/A/SystemConfiguration
0x00000001a3395000 	/usr/lib/libfakelink.dylib
0x000000019d5aa000 	/System/Library/Frameworks/CFNetwork.framework/Versions/A/CFNetwork
0x00000001a34dc000 	/usr/lib/libarchive.2.dylib
0x00000001a1efc000 	/System/Library/PrivateFrameworks/AppleSystemInfo.framework/Versions/A/AppleSystemInfo
0x00000001a2a5c000 	/usr/lib/libbsm.0.dylib
0x000000019cae2000 	/usr/lib/libnetwork.dylib
0x00000001a3333000 	/usr/lib/system/libkxld.dylib
0x00000001a2673000 	/System/Library/PrivateFrameworks/IOMobileFramebuffer.framework/Versions/A/IOMobileFramebuffer
0x0000000215aaa000 	/usr/lib/libCoreEntitlements.dylib
0x00000001a3076000 	/System/Library/PrivateFrameworks/AppleFSCompression.framework/Versions/A/AppleFSCompression
0x00000001a2a44000 	/usr/lib/libcoretls.dylib
0x00000001a3c31000 	/usr/lib/libcoretls_cfhelpers.dylib
0x00000001a362d000 	/usr/lib/libpam.2.dylib
0x000000019ee34000 	/usr/lib/libsqlite3.dylib
0x00000001a3c99000 	/usr/lib/libxar.1.dylib
0x00000001a3087000 	/usr/lib/libbz2.1.0.dylib
0x00000001a339a000 	/usr/lib/libpcap.A.dylib
0x000000019f203000 	/usr/lib/libdns_services.dylib
0x00000001a3600000 	/usr/lib/libapple_nghttp2.dylib
0x00000001a33d7000 	/usr/lib/libiconv.2.dylib
0x00000001a332c000 	/usr/lib/libcharset.1.dylib
0x000000019fe07000 	/System/Library/Frameworks/CoreServices.framework/Versions/A/Frameworks/FSEvents.framework/Versions/A/FSEvents
0x000000019b072000 	/System/Library/Frameworks/CoreServices.framework/Versions/A/Frameworks/CarbonCore.framework/Versions/A/CarbonCore
0x000000019f43a000 	/System/Library/Frameworks/CoreServices.framework/Versions/A/Frameworks/Metadata.framework/Versions/A/Metadata
0x00000001a309a000 	/System/Library/Frameworks/CoreServices.framework/Versions/A/Frameworks/OSServices.framework/Versions/A/OSServices
0x00000001a3562000 	/System/Library/Frameworks/CoreServices.framework/Versions/A/Frameworks/SearchKit.framework/Versions/A/SearchKit
0x000000019f191000 	/System/Library/Frameworks/CoreServices.framework/Versions/A/Frameworks/AE.framework/Versions/A/AE
0x0000000198ec8000 	/System/Library/Frameworks/CoreServices.framework/Versions/A/Frameworks/LaunchServices.framework/Versions/A/LaunchServices
0x00000001a3bc1000 	/System/Library/Frameworks/CoreServices.framework/Versions/A/Frameworks/DictionaryServices.framework/Versions/A/DictionaryServices
0x000000019fe14000 	/System/Library/Frameworks/CoreServices.framework/Versions/A/Frameworks/SharedFileList.framework/Versions/A/SharedFileList
0x00000001a2a34000 	/usr/lib/libCheckFix.dylib
0x000000019daea000 	/System/Library/PrivateFrameworks/TCC.framework/Versions/A/TCC
0x00000001a1f02000 	/System/Library/PrivateFrameworks/CoreNLP.framework/Versions/A/CoreNLP
0x000000019f3e6000 	/System/Library/PrivateFrameworks/MetadataUtilities.framework/Versions/A/MetadataUtilities
0x0000000199625000 	/usr/lib/libmecabra.dylib
0x00000001a2a6d000 	/usr/lib/libmecab.dylib
0x00000001995f1000 	/usr/lib/libCRFSuite.dylib
0x00000001a2acb000 	/usr/lib/libgermantok.dylib
0x00000001a35d9000 	/usr/lib/libThaiTokenizer.dylib
0x000000019f4df000 	/System/Library/Frameworks/Accelerate.framework/Versions/A/Frameworks/vImage.framework/Versions/A/vImage
0x00000001a9693000 	/System/Library/Frameworks/Accelerate.framework/Versions/A/Frameworks/vecLib.framework/Versions/A/vecLib
0x00000001a3cdd000 	/System/Library/Frameworks/Accelerate.framework/Versions/A/Frameworks/vecLib.framework/Versions/A/libvMisc.dylib
0x00000001a257d000 	/System/Library/Frameworks/Accelerate.framework/Versions/A/Frameworks/vecLib.framework/Versions/A/libvDSP.dylib
0x000000019924b000 	/System/Library/Frameworks/Accelerate.framework/Versions/A/Frameworks/vecLib.framework/Versions/A/libBLAS.dylib
0x00000001a3701000 	/System/Library/Frameworks/Accelerate.framework/Versions/A/Frameworks/vecLib.framework/Versions/A/libLAPACK.dylib
0x00000001a2ace000 	/System/Library/Frameworks/Accelerate.framework/Versions/A/Frameworks/vecLib.framework/Versions/A/libLinearAlgebra.dylib
0x00000001a3618000 	/System/Library/Frameworks/Accelerate.framework/Versions/A/Frameworks/vecLib.framework/Versions/A/libSparseBLAS.dylib
0x00000001a36fc000 	/System/Library/Frameworks/Accelerate.framework/Versions/A/Frameworks/vecLib.framework/Versions/A/libQuadrature.dylib
0x00000001a1ff9000 	/System/Library/Frameworks/Accelerate.framework/Versions/A/Frameworks/vecLib.framework/Versions/A/libBNNS.dylib
0x0000000199509000 	/System/Library/Frameworks/Accelerate.framework/Versions/A/Frameworks/vecLib.framework/Versions/A/libSparse.dylib
0x00000001a1ff1000 	/System/Library/PrivateFrameworks/LinguisticData.framework/Versions/A/LinguisticData
0x00000001994bf000 	/System/Library/PrivateFrameworks/Lexicon.framework/Versions/A/Lexicon
0x00000001a3cd5000 	/usr/lib/libChineseTokenizer.dylib
0x0000000199c66000 	/System/Library/PrivateFrameworks/LanguageModeling.framework/Versions/A/LanguageModeling
0x00000001a35db000 	/System/Library/PrivateFrameworks/AppleSauce.framework/Versions/A/AppleSauce
0x00000001a2660000 	/System/Library/PrivateFrameworks/CoreEmoji.framework/Versions/A/CoreEmoji
0x00000001a34ca000 	/usr/lib/libcmph.dylib
0x000000019fde7000 	/System/Library/Frameworks/OpenDirectory.framework/Versions/A/Frameworks/CFOpenDirectory.framework/Versions/A/CFOpenDirectory
0x000000019fdd7000 	/System/Library/Frameworks/OpenDirectory.framework/Versions/A/OpenDirectory
0x00000001a3c33000 	/System/Library/PrivateFrameworks/APFS.framework/Versions/A/APFS
0x00000001a298c000 	/System/Library/Frameworks/SecurityFoundation.framework/Versions/A/SecurityFoundation
0x00000001a3ca7000 	/usr/lib/libutil.dylib
0x000000019b3a7000 	/System/Library/PrivateFrameworks/CoreServicesStore.framework/Versions/A/CoreServicesStore
0x00000001a3cab000 	/usr/lib/libxslt.1.dylib
0x00000001a2a20000 	/System/Library/PrivateFrameworks/BackgroundTaskManagement.framework/Versions/A/BackgroundTaskManagement
0x00000001a4f0e000 	/System/Library/Frameworks/ImageIO.framework/Versions/A/Resources/libRadiance.dylib
0x00000001a4f17000 	/System/Library/Frameworks/ImageIO.framework/Versions/A/Resources/libJPEG.dylib
0x00000001a4e69000 	/System/Library/Frameworks/ImageIO.framework/Versions/A/Resources/libPng.dylib
0x00000001a4e8b000 	/System/Library/Frameworks/ImageIO.framework/Versions/A/Resources/libTIFF.dylib
0x00000001a4f72000 	/System/Library/Frameworks/ImageIO.framework/Versions/A/Resources/libGIF.dylib
0x00000001a48b7000 	/System/Library/Frameworks/ImageIO.framework/Versions/A/Resources/libJP2.dylib
0x00000001a3ffc000 	/usr/lib/libexpat.1.dylib
0x00000001a4872000 	/System/Library/PrivateFrameworks/AppleJPEG.framework/Versions/A/AppleJPEG
0x00000001a1425000 	/System/Library/PrivateFrameworks/FontServices.framework/libFontParser.dylib
0x000000019f136000 	/System/Library/PrivateFrameworks/RunningBoardServices.framework/Versions/A/RunningBoardServices
0x00000001af607000 	/System/Library/PrivateFrameworks/IOSurfaceAccelerator.framework/Versions/A/IOSurfaceAccelerator
0x00000001a49a3000 	/System/Library/PrivateFrameworks/WatchdogClient.framework/Versions/A/WatchdogClient
0x0000000199d6a000 	/System/Library/Frameworks/CoreDisplay.framework/Versions/A/CoreDisplay
0x00000001a1313000 	/System/Library/Frameworks/CoreMedia.framework/Versions/A/CoreMedia
0x00000001a11a7000 	/System/Library/PrivateFrameworks/IOAccelerator.framework/Versions/A/IOAccelerator
0x000000019ff75000 	/System/Library/Frameworks/CoreVideo.framework/Versions/A/CoreVideo
0x00000001a362b000 	/System/Library/Frameworks/MetalPerformanceShaders.framework/Versions/A/MetalPerformanceShaders
0x00000001a49e0000 	/System/Library/Frameworks/VideoToolbox.framework/Versions/A/VideoToolbox
0x000000019f07a000 	/System/Library/PrivateFrameworks/BaseBoard.framework/Versions/A/BaseBoard
0x000000019ee19000 	/System/Library/PrivateFrameworks/ProtocolBuffer.framework/Versions/A/ProtocolBuffer
0x00000001a4f09000 	/System/Library/PrivateFrameworks/GPUWrangler.framework/Versions/A/GPUWrangler
0x00000001a4ee8000 	/System/Library/PrivateFrameworks/IOPresentment.framework/Versions/A/IOPresentment
0x00000001a4f11000 	/System/Library/PrivateFrameworks/DSExternalDisplay.framework/Versions/A/DSExternalDisplay
0x00000001f9d38000 	/System/Library/Frameworks/OpenGL.framework/Versions/A/Libraries/libCoreFSCache.dylib
0x00000002034f9000 	/System/Library/PrivateFrameworks/GPUCompiler.framework/Versions/31001/Libraries/libGPUCompilerUtils.dylib
0x00000001a4f77000 	/System/Library/PrivateFrameworks/CMCaptureCore.framework/Versions/A/CMCaptureCore
0x00000001a45b0000 	/System/Library/PrivateFrameworks/AppServerSupport.framework/Versions/A/AppServerSupport
0x00000001a6750000 	/System/Library/PrivateFrameworks/perfdata.framework/Versions/A/perfdata
0x0000000199e8a000 	/System/Library/PrivateFrameworks/AudioToolboxCore.framework/Versions/A/AudioToolboxCore
0x00000001a12eb000 	/System/Library/PrivateFrameworks/caulk.framework/Versions/A/caulk
0x00000001a6045000 	/usr/lib/libAudioStatistics.dylib
0x00000001b794b000 	/System/Library/PrivateFrameworks/SystemPolicy.framework/Versions/A/SystemPolicy
0x00000001a62a5000 	/usr/lib/libSMC.dylib
0x00000001aee76000 	/System/Library/Frameworks/CoreMIDI.framework/Versions/A/CoreMIDI
0x00000001a4e37000 	/usr/lib/libAudioToolboxUtility.dylib
0x00000001b3d84000 	/System/Library/PrivateFrameworks/OSAServicesClient.framework/Versions/A/OSAServicesClient
0x00000001a675d000 	/usr/lib/libperfcheck.dylib
0x00000001b844e000 	/usr/lib/libmis.dylib
0x00000001f9d99000 	/System/Library/Frameworks/OpenGL.framework/Versions/A/Libraries/libGLU.dylib
0x00000001f9d58000 	/System/Library/Frameworks/OpenGL.framework/Versions/A/Libraries/libGFXShared.dylib
0x00000001f9f42000 	/System/Library/Frameworks/OpenGL.framework/Versions/A/Libraries/libGL.dylib
0x00000001f9d61000 	/System/Library/Frameworks/OpenGL.framework/Versions/A/Libraries/libGLImage.dylib
0x00000001f9d55000 	/System/Library/Frameworks/OpenGL.framework/Versions/A/Libraries/libCVMSPluginSupport.dylib
0x00000001f9d3f000 	/System/Library/Frameworks/OpenGL.framework/Versions/A/Libraries/libCoreVMClient.dylib
0x00000001a1e7d000 	/System/Library/Frameworks/MetalPerformanceShaders.framework/Versions/A/Frameworks/MPSCore.framework/Versions/A/MPSCore
0x00000001a2fe9000 	/System/Library/Frameworks/MetalPerformanceShaders.framework/Versions/A/Frameworks/MPSImage.framework/Versions/A/MPSImage
0x00000001a2ae3000 	/System/Library/Frameworks/MetalPerformanceShaders.framework/Versions/A/Frameworks/MPSNeuralNetwork.framework/Versions/A/MPSNeuralNetwork
0x00000001a2f20000 	/System/Library/Frameworks/MetalPerformanceShaders.framework/Versions/A/Frameworks/MPSMatrix.framework/Versions/A/MPSMatrix
0x00000001a2cfb000 	/System/Library/Frameworks/MetalPerformanceShaders.framework/Versions/A/Frameworks/MPSRayIntersector.framework/Versions/A/MPSRayIntersector
0x00000001a2f51000 	/System/Library/Frameworks/MetalPerformanceShaders.framework/Versions/A/Frameworks/MPSNDArray.framework/Versions/A/MPSNDArray
0x00000001fba6f000 	/System/Library/Frameworks/MetalPerformanceShaders.framework/Versions/A/Frameworks/MPSFunctions.framework/Versions/A/MPSFunctions
0x0000000199129000 	/System/Library/PrivateFrameworks/MetalTools.framework/Versions/A/MetalTools
0x00000001a1efa000 	/System/Library/PrivateFrameworks/AggregateDictionary.framework/Versions/A/AggregateDictionary
0x00000001a3de2000 	/usr/lib/libIOReport.dylib
0x00000001ade5d000 	/System/Library/PrivateFrameworks/ASEProcessing.framework/Versions/A/ASEProcessing
0x00000001a4155000 	/System/Library/PrivateFrameworks/FaceCore.framework/Versions/A/FaceCore
0x00000001a4147000 	/System/Library/PrivateFrameworks/GraphVisualizer.framework/Versions/A/GraphVisualizer
0x0000000203410000 	/System/Library/PrivateFrameworks/FontServices.framework/Versions/A/FontServices
0x00000001a456a000 	/System/Library/PrivateFrameworks/OTSVG.framework/Versions/A/OTSVG
0x000000019fb43000 	/System/Library/Frameworks/ApplicationServices.framework/Versions/A/Frameworks/ATS.framework/Versions/A/Resources/libFontRegistry.dylib
0x00000001a45b9000 	/System/Library/PrivateFrameworks/FontServices.framework/libhvf.dylib
0x0000000203411000 	/System/Library/PrivateFrameworks/FontServices.framework/libXTFontStaticRegistryData.dylib
0x00000001fa0e4000 	/System/Library/Frameworks/OpenCL.framework/Versions/A/OpenCL
0x00000001a3fb0000 	/System/Library/PrivateFrameworks/AppleVA.framework/Versions/A/AppleVA
0x00000001a606d000 	/System/Library/Frameworks/ApplicationServices.framework/Versions/A/Frameworks/ATS.framework/Versions/A/ATS
0x000000019e5dd000 	/System/Library/Frameworks/ApplicationServices.framework/Versions/A/Frameworks/HIServices.framework/Versions/A/HIServices
0x00000001a4f81000 	/System/Library/Frameworks/ApplicationServices.framework/Versions/A/Frameworks/PrintCore.framework/Versions/A/PrintCore
0x00000001a63f8000 	/System/Library/Frameworks/ApplicationServices.framework/Versions/A/Frameworks/QD.framework/Versions/A/QD
0x00000001a63f0000 	/System/Library/Frameworks/ApplicationServices.framework/Versions/A/Frameworks/ColorSyncLegacy.framework/Versions/A/ColorSyncLegacy
0x00000001a6059000 	/System/Library/Frameworks/ApplicationServices.framework/Versions/A/Frameworks/SpeechSynthesis.framework/Versions/A/SpeechSynthesis
0x00000001a4f42000 	/System/Library/Frameworks/ApplicationServices.framework/Versions/A/Frameworks/ATSUI.framework/Versions/A/ATSUI
0x00000001a6385000 	/usr/lib/libcups.2.dylib
0x00000001a676b000 	/System/Library/Frameworks/Kerberos.framework/Versions/A/Kerberos
0x00000001a677c000 	/System/Library/Frameworks/GSS.framework/Versions/A/GSS
0x00000001a60dc000 	/usr/lib/libresolv.9.dylib
0x00000001a45c7000 	/System/Library/PrivateFrameworks/Heimdal.framework/Versions/A/Heimdal
0x00000001ad0cd000 	/System/Library/Frameworks/Kerberos.framework/Versions/A/Libraries/libHeimdalProxy.dylib
0x000000019f215000 	/System/Library/Frameworks/Network.framework/Versions/A/Network
0x00000001a4017000 	/usr/lib/libheimdal-asn1.dylib
0x00000001a67c2000 	/System/Library/PrivateFrameworks/CommonAuth.framework/Versions/A/CommonAuth
0x00000001a5fd3000 	/System/Library/PrivateFrameworks/AudioSession.framework/Versions/A/AudioSession
0x00000001a40a8000 	/System/Library/PrivateFrameworks/MediaExperience.framework/Versions/A/MediaExperience
0x00000001a5e5b000 	/System/Library/PrivateFrameworks/AudioSession.framework/libSessionUtility.dylib
0x00000001a6404000 	/System/Library/PrivateFrameworks/AudioResourceArbitration.framework/Versions/A/AudioResourceArbitration
0x00000001aa50f000 	/System/Library/PrivateFrameworks/PowerLog.framework/Versions/A/PowerLog
0x00000001a4020000 	/System/Library/PrivateFrameworks/IconFoundation.framework/Versions/A/IconFoundation
0x00000001a92bf000 	/System/Library/PrivateFrameworks/SpeechRecognitionCore.framework/Versions/A/SpeechRecognitionCore
0x0000000105d8c000 	/Library/Java/JavaVirtualMachines/jdk-17.0.1.jdk/Contents/Home/lib/server/libjvm.dylib
0x0000000104eb8000 	/Library/Java/JavaVirtualMachines/jdk-17.0.1.jdk/Contents/Home/lib/libjimage.dylib
0x0000000104ee4000 	/Library/Java/JavaVirtualMachines/jdk-17.0.1.jdk/Contents/Home/lib/libinstrument.dylib
0x0000000104f30000 	/Library/Java/JavaVirtualMachines/jdk-17.0.1.jdk/Contents/Home/lib/libjava.dylib
0x0000000105c00000 	/Library/Java/JavaVirtualMachines/jdk-17.0.1.jdk/Contents/Home/lib/libnio.dylib
0x0000000105c20000 	/Library/Java/JavaVirtualMachines/jdk-17.0.1.jdk/Contents/Home/lib/libnet.dylib
0x0000000104f18000 	/Library/Java/JavaVirtualMachines/jdk-17.0.1.jdk/Contents/Home/lib/libzip.dylib
0x00000001059e4000 	/Users/richh/.openjfx/cache/17.0.0.1/libprism_es2.dylib
0x000000019b36a000 	/System/Library/PrivateFrameworks/CoreServicesInternal.framework/Versions/A/CoreServicesInternal
0x00000001f9f4c000 	/System/Library/Frameworks/OpenGL.framework/Versions/A/Resources/GLEngine.bundle/GLEngine
0x00000001f9dd3000 	/System/Library/Frameworks/OpenGL.framework/Versions/A/Libraries/libGLProgrammability.dylib
0x0000000105cf4000 	/System/Library/Extensions/AppleMetalOpenGLRenderer.bundle/Contents/MacOS/AppleMetalOpenGLRenderer
0x00000001fa0bb000 	/System/Library/Frameworks/OpenGL.framework/Versions/A/Resources/GLRendererFloat.bundle/GLRendererFloat
0x00000001fa15c000 	/System/Library/Extensions/AGXMetal13_3.bundle/Contents/MacOS/AGXMetal13_3
0x00000001b846a000 	/System/Library/PrivateFrameworks/GPURawCounter.framework/Versions/A/GPURawCounter
0x00000001b2f0b000 	/System/Library/PrivateFrameworks/IOGPU.framework/Versions/A/IOGPU
0x000000012850c000 	/Users/richh/.openjfx/cache/17.0.0.1/libglass.dylib
0x00000001aa763000 	/System/Library/Frameworks/FileProvider.framework/Versions/A/FileProvider
0x000000019efe2000 	/System/Library/Frameworks/Accounts.framework/Versions/A/Accounts
0x00000001aa8e3000 	/System/Library/PrivateFrameworks/GenerationalStorage.framework/Versions/A/GenerationalStorage
0x00000001ab499000 	/System/Library/PrivateFrameworks/CoreSymbolication.framework/Versions/A/CoreSymbolication
0x00000001aa503000 	/System/Library/PrivateFrameworks/SymptomDiagnosticReporter.framework/Versions/A/SymptomDiagnosticReporter
0x000000019c653000 	/System/Library/PrivateFrameworks/DesktopServicesPriv.framework/Versions/A/DesktopServicesPriv
0x000000019b4ca000 	/usr/lib/libsandbox.1.dylib
0x00000001a0002000 	/System/Library/PrivateFrameworks/UserManagement.framework/Versions/A/UserManagement
0x00000001ab45a000 	/System/Library/PrivateFrameworks/DebugSymbols.framework/Versions/A/DebugSymbols
0x00000001a63e3000 	/System/Library/PrivateFrameworks/NetAuth.framework/Versions/A/NetAuth
0x00000001a72e8000 	/System/Library/PrivateFrameworks/Sharing.framework/Versions/A/Sharing
0x000000019ffd2000 	/System/Library/PrivateFrameworks/login.framework/Versions/A/Frameworks/loginsupport.framework/Versions/A/loginsupport
0x00000001ac611000 	/System/Library/PrivateFrameworks/Apple80211.framework/Versions/A/Apple80211
0x00000001a30cd000 	/System/Library/PrivateFrameworks/AuthKit.framework/Versions/A/AuthKit
0x00000001a275f000 	/System/Library/PrivateFrameworks/CoreUtils.framework/Versions/A/CoreUtils
0x00000001a267f000 	/System/Library/Frameworks/CoreWLAN.framework/Versions/A/CoreWLAN
0x00000001a7452000 	/System/Library/Frameworks/IOBluetooth.framework/Versions/A/IOBluetooth
0x00000001ac671000 	/System/Library/PrivateFrameworks/CoreWiFi.framework/Versions/A/CoreWiFi
0x00000001ab041000 	/System/Library/PrivateFrameworks/FrontBoardServices.framework/Versions/A/FrontBoardServices
0x00000001ab0d9000 	/System/Library/PrivateFrameworks/BoardServices.framework/Versions/A/BoardServices
0x00000001a297a000 	/System/Library/PrivateFrameworks/AssertionServices.framework/Versions/A/AssertionServices
0x00000001ac7df000 	/System/Library/PrivateFrameworks/BackBoardServices.framework/Versions/A/BackBoardServices
0x00000001a6855000 	/System/Library/PrivateFrameworks/CorePhoneNumbers.framework/Versions/A/CorePhoneNumbers
0x00000001aa633000 	/System/Library/PrivateFrameworks/DiskManagement.framework/Versions/A/DiskManagement
0x00000001aa536000 	/System/Library/PrivateFrameworks/AppleIDAuthSupport.framework/Versions/A/AppleIDAuthSupport
0x00000001fdd38000 	/System/Library/PrivateFrameworks/AAAFoundation.framework/Versions/A/AAAFoundation
0x00000001a6834000 	/System/Library/PrivateFrameworks/KeychainCircle.framework/Versions/A/KeychainCircle
0x00000001aa5ff000 	/System/Library/PrivateFrameworks/MediaKit.framework/Versions/A/MediaKit
0x00000001aa543000 	/System/Library/Frameworks/DiscRecording.framework/Versions/A/DiscRecording
0x00000001a3f2c000 	/usr/lib/libCoreStorage.dylib
0x00000001acadb000 	/usr/lib/libcsfde.dylib
0x00000001a7527000 	/System/Library/PrivateFrameworks/ProtectedCloudStorage.framework/Versions/A/ProtectedCloudStorage
0x00000001acad3000 	/System/Library/PrivateFrameworks/EFILogin.framework/Versions/A/EFILogin
0x00000001aa90a000 	/System/Library/PrivateFrameworks/OctagonTrust.framework/Versions/A/OctagonTrust
0x000000020265c000 	/System/Library/PrivateFrameworks/CoreUtilsExtras.framework/Versions/A/CoreUtilsExtras
0x00000001aa479000 	/System/Library/Frameworks/CoreBluetooth.framework/Versions/A/CoreBluetooth
0x00000001ad152000 	/System/Library/Frameworks/AudioUnit.framework/Versions/A/AudioUnit
0x00000001a3f24000 	/usr/lib/libMatch.1.dylib
0x00000001bc74d000 	/System/Library/Frameworks/Accelerate.framework/Versions/A/Frameworks/vImage.framework/Versions/A/Libraries/libCGInterfaces.dylib
0x0000000129dec000 	/usr/lib/libobjc-trampolines.dylib
0x000000019fccf000 	/System/Library/PrivateFrameworks/ViewBridge.framework/Versions/A/ViewBridge
0x00000001a4675000 	/System/Library/PrivateFrameworks/login.framework/Versions/A/login
0x00000001a3deb000 	/System/Library/PrivateFrameworks/CrashReporterSupport.framework/Versions/A/CrashReporterSupport
0x00000001c410d000 	/System/Library/PrivateFrameworks/OSAnalytics.framework/Versions/A/OSAnalytics
0x00000001cf151000 	/System/Library/PrivateFrameworks/Symbolication.framework/Versions/A/Symbolication
0x00000001b842b000 	/System/Library/PrivateFrameworks/MallocStackLogging.framework/Versions/A/MallocStackLogging
0x0000000138d00000 	/Users/richh/.openjfx/cache/17.0.0.1/libjavafx_font.dylib
0x0000000215c24000 	/usr/lib/libRosetta.dylib
0x00000001a9999000 	/System/Library/PrivateFrameworks/SystemAdministration.framework/Versions/A/SystemAdministration
0x00000001a518b000 	/System/Library/Frameworks/MediaToolbox.framework/Versions/A/MediaToolbox
0x00000001a9287000 	/System/Library/Frameworks/DirectoryService.framework/Versions/A/DirectoryService
0x00000001ac968000 	/System/Library/PrivateFrameworks/DiskImages.framework/Versions/A/DiskImages
0x00000001a2a2b000 	/System/Library/Frameworks/ServiceManagement.framework/Versions/A/ServiceManagement
0x00000001acb4e000 	/System/Library/PrivateFrameworks/LoginUIKit.framework/Versions/A/Frameworks/LoginUICore.framework/Versions/A/LoginUICore
0x00000001a482b000 	/usr/lib/libodfde.dylib
0x00000001aa72f000 	/System/Library/PrivateFrameworks/CoreAVCHD.framework/Versions/A/CoreAVCHD
0x00000001a995b000 	/System/Library/Frameworks/MediaAccessibility.framework/Versions/A/MediaAccessibility
0x00000001aa72b000 	/System/Library/PrivateFrameworks/Mangrove.framework/Versions/A/Mangrove
0x00000001a9968000 	/System/Library/PrivateFrameworks/AlgosScoreFramework.framework/Versions/A/AlgosScoreFramework
0x00000001ff93c000 	/System/Library/PrivateFrameworks/CMPhoto.framework/Versions/A/CMPhoto
0x00000001aa71f000 	/System/Library/PrivateFrameworks/CoreAUC.framework/Versions/A/CoreAUC
0x00000001acae7000 	/usr/lib/libcurl.4.dylib
0x00000001ac83d000 	/usr/lib/libcrypto.44.dylib
0x00000001ac93b000 	/usr/lib/libssl.46.dylib
0x00000001ac7ff000 	/System/Library/Frameworks/LDAP.framework/Versions/A/LDAP
0x00000001ac83b000 	/System/Library/PrivateFrameworks/TrustEvaluationAgent.framework/Versions/A/TrustEvaluationAgent
0x00000001a60f5000 	/usr/lib/libsasl2.2.dylib
0x00000001a998e000 	/System/Library/PrivateFrameworks/CoreDaemon.framework/Versions/B/CoreDaemon
0x00000001a9988000 	/System/Library/PrivateFrameworks/AppleSRP.framework/Versions/A/AppleSRP


VM Arguments:
jvm_args: -javaagent:/Applications/IntelliJ IDEA CE.app/Contents/lib/idea_rt.jar=49237:/Applications/IntelliJ IDEA CE.app/Contents/bin -Dfile.encoding=UTF-8 --module-path=/Users/richh/Documents/GitHub/The-Challenge/target/classes:/Users/richh/.m2/repository/org/openjfx/javafx-fxml/17.0.0.1/javafx-fxml-17.0.0.1-mac-aarch64.jar:/Users/richh/.m2/repository/org/openjfx/javafx-graphics/17.0.0.1/javafx-graphics-17.0.0.1-mac-aarch64.jar:/Users/richh/.m2/repository/org/openjfx/javafx-controls/17.0.0.1/javafx-controls-17.0.0.1-mac-aarch64.jar:/Users/richh/.m2/repository/org/openjfx/javafx-base/17.0.0.1/javafx-base-17.0.0.1-mac-aarch64.jar -Djdk.module.main=sample.challengeapp 
java_command: sample.challengeapp/challengeapp.Main
java_class_path (initial): /Users/richh/.m2/repository/org/openjfx/javafx-controls/17.0.0.1/javafx-controls-17.0.0.1.jar:/Users/richh/.m2/repository/org/openjfx/javafx-graphics/17.0.0.1/javafx-graphics-17.0.0.1.jar:/Users/richh/.m2/repository/org/openjfx/javafx-base/17.0.0.1/javafx-base-17.0.0.1.jar:/Users/richh/.m2/repository/org/openjfx/javafx-fxml/17.0.0.1/javafx-fxml-17.0.0.1.jar
Launcher Type: SUN_STANDARD

[Global flags]
     intx CICompilerCount                          = 4                                         {product} {ergonomic}
     uint ConcGCThreads                            = 2                                         {product} {ergonomic}
     uint G1ConcRefinementThreads                  = 8                                         {product} {ergonomic}
   size_t G1HeapRegionSize                         = 2097152                                   {product} {ergonomic}
    uintx GCDrainStackTargetSize                   = 64                                        {product} {ergonomic}
   size_t InitialHeapSize                          = 268435456                                 {product} {ergonomic}
   size_t MarkStackSize                            = 4194304                                   {product} {ergonomic}
   size_t MaxHeapSize                              = 4294967296                                {product} {ergonomic}
   size_t MaxNewSize                               = 2575302656                                {product} {ergonomic}
   size_t MinHeapDeltaBytes                        = 2097152                                   {product} {ergonomic}
   size_t MinHeapSize                              = 8388608                                   {product} {ergonomic}
    uintx NonNMethodCodeHeapSize                   = 5839564                                {pd product} {ergonomic}
    uintx NonProfiledCodeHeapSize                  = 122909338                              {pd product} {ergonomic}
    uintx ProfiledCodeHeapSize                     = 122909338                              {pd product} {ergonomic}
    uintx ReservedCodeCacheSize                    = 251658240                              {pd product} {ergonomic}
     bool SegmentedCodeCache                       = true                                      {product} {ergonomic}
   size_t SoftMaxHeapSize                          = 4294967296                             {manageable} {ergonomic}
     bool UseCompressedClassPointers               = true                           {product lp64_product} {ergonomic}
     bool UseCompressedOops                        = true                           {product lp64_product} {ergonomic}
     bool UseG1GC                                  = true                                      {product} {ergonomic}
     bool UseNUMA                                  = false                                     {product} {ergonomic}
     bool UseNUMAInterleaving                      = false                                     {product} {ergonomic}

Logging:
Log output configuration:
 #0: stdout all=warning uptime,level,tags
 #1: stderr all=off uptime,level,tags

Environment Variables:
PATH=/usr/local/bin:/usr/bin:/bin:/usr/sbin:/sbin
SHELL=/bin/zsh
LC_CTYPE=nl_NL.UTF-8

Signal Handlers:
   SIGSEGV: _ZL13crash_handleriP9__siginfoPv in libjvm.dylib, mask=11100110000111110111111111111111, flags=SA_RESTART|SA_SIGINFO
    SIGBUS: _ZL13crash_handleriP9__siginfoPv in libjvm.dylib, mask=11100110000111110111111111111111, flags=SA_RESTART|SA_SIGINFO
    SIGFPE: _ZL13crash_handleriP9__siginfoPv in libjvm.dylib, mask=11100110000111110111111111111111, flags=SA_RESTART|SA_SIGINFO
   SIGPIPE: _ZL17javaSignalHandleriP9__siginfoPv in libjvm.dylib, mask=11100110000111110111111111111111, flags=SA_RESTART|SA_SIGINFO
   SIGXFSZ: _ZL17javaSignalHandleriP9__siginfoPv in libjvm.dylib, mask=11100110000111110111111111111111, flags=SA_RESTART|SA_SIGINFO
    SIGILL: _ZL13crash_handleriP9__siginfoPv in libjvm.dylib, mask=11100110000111110111111111111111, flags=SA_RESTART|SA_SIGINFO
   SIGUSR2: _ZL10SR_handleriP9__siginfoP17__darwin_ucontext in libjvm.dylib, mask=00100000000000000000000000000000, flags=SA_RESTART|SA_SIGINFO
    SIGHUP: _ZL11UserHandleriPvS_ in libjvm.dylib, mask=11100110000111110111111111111111, flags=SA_RESTART|SA_SIGINFO
    SIGINT: _ZL11UserHandleriPvS_ in libjvm.dylib, mask=11100110000111110111111111111111, flags=SA_RESTART|SA_SIGINFO
   SIGTERM: _ZL11UserHandleriPvS_ in libjvm.dylib, mask=11100110000111110111111111111111, flags=SA_RESTART|SA_SIGINFO
   SIGQUIT: _ZL11UserHandleriPvS_ in libjvm.dylib, mask=11100110000111110111111111111111, flags=SA_RESTART|SA_SIGINFO
   SIGTRAP: _ZL13crash_handleriP9__siginfoPv in libjvm.dylib, mask=11100110000111110111111111111111, flags=SA_RESTART|SA_SIGINFO


---------------  S Y S T E M  ---------------

OS:
uname: Darwin 21.2.0 Darwin Kernel Version 21.2.0: Sun Nov 28 20:29:10 PST 2021; root:xnu-8019.61.5~1/RELEASE_ARM64_T8101 arm64
OS uptime: 0 days 0:23 hours
rlimit (soft/hard): STACK 8176k/65520k , CORE 0k/infinity , NPROC 2666/4000 , NOFILE 10240/infinity , AS infinity/infinity , CPU infinity/infinity , DATA infinity/infinity , FSIZE infinity/infinity , MEMLOCK infinity/infinity , RSS infinity/infinity
load average: 1.93 1.93 1.88

CPU: total 8 (initial active 8) 0x61:0x0:0x1b588bb3:0, fp, simd, crc, lse

Memory: 16k page, physical 16777216k(2042704k free), swap 0k(0k free)

vm_info: Java HotSpot(TM) 64-Bit Server VM (17.0.1+12-LTS-39) for bsd-aarch64 JRE (17.0.1+12-LTS-39), built on Sep 27 2021 17:38:30 by "mach5one" with clang Apple LLVM 12.0.0 (clang-1200.0.32.29)

END.
